2023-06-10 17:14:11,260 [Worker-2: Loading available Gradle versions] INFO  o.e.b.c.i.u.g.PublishedGradleVersions - Gradle version information cache is out-of-date. Trying to update.
2023-06-10 17:15:41,562 [Worker-3: Launching mavenrun-da2a3d1a-0d89-4d16-abb3-22b00478f2b0] INFO  o.eclipse.m2e.core.internal.Bundles - getClasspathEntries(Bundle=org.eclipse.m2e.maven.runtime_3.8.604.20221130-2149 [606])
2023-06-10 17:15:41,568 [Worker-3: Launching mavenrun-da2a3d1a-0d89-4d16-abb3-22b00478f2b0] INFO  o.eclipse.m2e.core.internal.Bundles - 	Entry: C:\Users\j shanker\Downloads\eclipse-jee-2022-12-R-win32-x86_64\eclipse\plugins\org.eclipse.m2e.maven.runtime_3.8.604.20221130-2149
2023-06-10 17:15:41,569 [Worker-3: Launching mavenrun-da2a3d1a-0d89-4d16-abb3-22b00478f2b0] INFO  o.eclipse.m2e.core.internal.Bundles - 	Entry: C:\Users\j shanker\Downloads\eclipse-jee-2022-12-R-win32-x86_64\eclipse\plugins\org.eclipse.m2e.maven.runtime_3.8.604.20221130-2149\jars\aether-connector-okhttp-0.17.8.jar
2023-06-10 17:15:41,569 [Worker-3: Launching mavenrun-da2a3d1a-0d89-4d16-abb3-22b00478f2b0] INFO  o.eclipse.m2e.core.internal.Bundles - 	Entry: C:\Users\j shanker\Downloads\eclipse-jee-2022-12-R-win32-x86_64\eclipse\plugins\org.eclipse.m2e.maven.runtime_3.8.604.20221130-2149\jars\commons-cli-1.4.jar
2023-06-10 17:15:41,569 [Worker-3: Launching mavenrun-da2a3d1a-0d89-4d16-abb3-22b00478f2b0] INFO  o.eclipse.m2e.core.internal.Bundles - 	Entry: C:\Users\j shanker\Downloads\eclipse-jee-2022-12-R-win32-x86_64\eclipse\plugins\org.eclipse.m2e.maven.runtime_3.8.604.20221130-2149\jars\commons-io-2.6.jar
2023-06-10 17:15:41,570 [Worker-3: Launching mavenrun-da2a3d1a-0d89-4d16-abb3-22b00478f2b0] INFO  o.eclipse.m2e.core.internal.Bundles - 	Entry: C:\Users\j shanker\Downloads\eclipse-jee-2022-12-R-win32-x86_64\eclipse\plugins\org.eclipse.m2e.maven.runtime_3.8.604.20221130-2149\jars\commons-lang3-3.8.1.jar
2023-06-10 17:15:41,570 [Worker-3: Launching mavenrun-da2a3d1a-0d89-4d16-abb3-22b00478f2b0] INFO  o.eclipse.m2e.core.internal.Bundles - 	Entry: C:\Users\j shanker\Downloads\eclipse-jee-2022-12-R-win32-x86_64\eclipse\plugins\org.eclipse.m2e.maven.runtime_3.8.604.20221130-2149\jars\guice-4.2.2-no_aop.jar
2023-06-10 17:15:41,570 [Worker-3: Launching mavenrun-da2a3d1a-0d89-4d16-abb3-22b00478f2b0] INFO  o.eclipse.m2e.core.internal.Bundles - 	Entry: C:\Users\j shanker\Downloads\eclipse-jee-2022-12-R-win32-x86_64\eclipse\plugins\org.eclipse.m2e.maven.runtime_3.8.604.20221130-2149\jars\jansi-2.4.0.jar
2023-06-10 17:15:41,570 [Worker-3: Launching mavenrun-da2a3d1a-0d89-4d16-abb3-22b00478f2b0] INFO  o.eclipse.m2e.core.internal.Bundles - 	Entry: C:\Users\j shanker\Downloads\eclipse-jee-2022-12-R-win32-x86_64\eclipse\plugins\org.eclipse.m2e.maven.runtime_3.8.604.20221130-2149\jars\maven-artifact-3.8.6.jar
2023-06-10 17:15:41,570 [Worker-3: Launching mavenrun-da2a3d1a-0d89-4d16-abb3-22b00478f2b0] INFO  o.eclipse.m2e.core.internal.Bundles - 	Entry: C:\Users\j shanker\Downloads\eclipse-jee-2022-12-R-win32-x86_64\eclipse\plugins\org.eclipse.m2e.maven.runtime_3.8.604.20221130-2149\jars\maven-builder-support-3.8.6.jar
2023-06-10 17:15:41,570 [Worker-3: Launching mavenrun-da2a3d1a-0d89-4d16-abb3-22b00478f2b0] INFO  o.eclipse.m2e.core.internal.Bundles - 	Entry: C:\Users\j shanker\Downloads\eclipse-jee-2022-12-R-win32-x86_64\eclipse\plugins\org.eclipse.m2e.maven.runtime_3.8.604.20221130-2149\jars\maven-compat-3.8.6.jar
2023-06-10 17:15:41,570 [Worker-3: Launching mavenrun-da2a3d1a-0d89-4d16-abb3-22b00478f2b0] INFO  o.eclipse.m2e.core.internal.Bundles - 	Entry: C:\Users\j shanker\Downloads\eclipse-jee-2022-12-R-win32-x86_64\eclipse\plugins\org.eclipse.m2e.maven.runtime_3.8.604.20221130-2149\jars\maven-core-3.8.6.jar
2023-06-10 17:15:41,570 [Worker-3: Launching mavenrun-da2a3d1a-0d89-4d16-abb3-22b00478f2b0] INFO  o.eclipse.m2e.core.internal.Bundles - 	Entry: C:\Users\j shanker\Downloads\eclipse-jee-2022-12-R-win32-x86_64\eclipse\plugins\org.eclipse.m2e.maven.runtime_3.8.604.20221130-2149\jars\maven-embedder-3.8.6.jar
2023-06-10 17:15:41,570 [Worker-3: Launching mavenrun-da2a3d1a-0d89-4d16-abb3-22b00478f2b0] INFO  o.eclipse.m2e.core.internal.Bundles - 	Entry: C:\Users\j shanker\Downloads\eclipse-jee-2022-12-R-win32-x86_64\eclipse\plugins\org.eclipse.m2e.maven.runtime_3.8.604.20221130-2149\jars\maven-model-3.8.6.jar
2023-06-10 17:15:41,571 [Worker-3: Launching mavenrun-da2a3d1a-0d89-4d16-abb3-22b00478f2b0] INFO  o.eclipse.m2e.core.internal.Bundles - 	Entry: C:\Users\j shanker\Downloads\eclipse-jee-2022-12-R-win32-x86_64\eclipse\plugins\org.eclipse.m2e.maven.runtime_3.8.604.20221130-2149\jars\maven-model-builder-3.8.6.jar
2023-06-10 17:15:41,571 [Worker-3: Launching mavenrun-da2a3d1a-0d89-4d16-abb3-22b00478f2b0] INFO  o.eclipse.m2e.core.internal.Bundles - 	Entry: C:\Users\j shanker\Downloads\eclipse-jee-2022-12-R-win32-x86_64\eclipse\plugins\org.eclipse.m2e.maven.runtime_3.8.604.20221130-2149\jars\maven-plugin-api-3.8.6.jar
2023-06-10 17:15:41,571 [Worker-3: Launching mavenrun-da2a3d1a-0d89-4d16-abb3-22b00478f2b0] INFO  o.eclipse.m2e.core.internal.Bundles - 	Entry: C:\Users\j shanker\Downloads\eclipse-jee-2022-12-R-win32-x86_64\eclipse\plugins\org.eclipse.m2e.maven.runtime_3.8.604.20221130-2149\jars\maven-repository-metadata-3.8.6.jar
2023-06-10 17:15:41,571 [Worker-3: Launching mavenrun-da2a3d1a-0d89-4d16-abb3-22b00478f2b0] INFO  o.eclipse.m2e.core.internal.Bundles - 	Entry: C:\Users\j shanker\Downloads\eclipse-jee-2022-12-R-win32-x86_64\eclipse\plugins\org.eclipse.m2e.maven.runtime_3.8.604.20221130-2149\jars\maven-resolver-api-1.6.3.jar
2023-06-10 17:15:41,571 [Worker-3: Launching mavenrun-da2a3d1a-0d89-4d16-abb3-22b00478f2b0] INFO  o.eclipse.m2e.core.internal.Bundles - 	Entry: C:\Users\j shanker\Downloads\eclipse-jee-2022-12-R-win32-x86_64\eclipse\plugins\org.eclipse.m2e.maven.runtime_3.8.604.20221130-2149\jars\maven-resolver-connector-basic-1.6.3.jar
2023-06-10 17:15:41,571 [Worker-3: Launching mavenrun-da2a3d1a-0d89-4d16-abb3-22b00478f2b0] INFO  o.eclipse.m2e.core.internal.Bundles - 	Entry: C:\Users\j shanker\Downloads\eclipse-jee-2022-12-R-win32-x86_64\eclipse\plugins\org.eclipse.m2e.maven.runtime_3.8.604.20221130-2149\jars\maven-resolver-impl-1.6.3.jar
2023-06-10 17:15:41,571 [Worker-3: Launching mavenrun-da2a3d1a-0d89-4d16-abb3-22b00478f2b0] INFO  o.eclipse.m2e.core.internal.Bundles - 	Entry: C:\Users\j shanker\Downloads\eclipse-jee-2022-12-R-win32-x86_64\eclipse\plugins\org.eclipse.m2e.maven.runtime_3.8.604.20221130-2149\jars\maven-resolver-provider-3.8.6.jar
2023-06-10 17:15:41,571 [Worker-3: Launching mavenrun-da2a3d1a-0d89-4d16-abb3-22b00478f2b0] INFO  o.eclipse.m2e.core.internal.Bundles - 	Entry: C:\Users\j shanker\Downloads\eclipse-jee-2022-12-R-win32-x86_64\eclipse\plugins\org.eclipse.m2e.maven.runtime_3.8.604.20221130-2149\jars\maven-resolver-spi-1.6.3.jar
2023-06-10 17:15:41,571 [Worker-3: Launching mavenrun-da2a3d1a-0d89-4d16-abb3-22b00478f2b0] INFO  o.eclipse.m2e.core.internal.Bundles - 	Entry: C:\Users\j shanker\Downloads\eclipse-jee-2022-12-R-win32-x86_64\eclipse\plugins\org.eclipse.m2e.maven.runtime_3.8.604.20221130-2149\jars\maven-resolver-transport-wagon-1.6.3.jar
2023-06-10 17:15:41,572 [Worker-3: Launching mavenrun-da2a3d1a-0d89-4d16-abb3-22b00478f2b0] INFO  o.eclipse.m2e.core.internal.Bundles - 	Entry: C:\Users\j shanker\Downloads\eclipse-jee-2022-12-R-win32-x86_64\eclipse\plugins\org.eclipse.m2e.maven.runtime_3.8.604.20221130-2149\jars\maven-resolver-util-1.6.3.jar
2023-06-10 17:15:41,572 [Worker-3: Launching mavenrun-da2a3d1a-0d89-4d16-abb3-22b00478f2b0] INFO  o.eclipse.m2e.core.internal.Bundles - 	Entry: C:\Users\j shanker\Downloads\eclipse-jee-2022-12-R-win32-x86_64\eclipse\plugins\org.eclipse.m2e.maven.runtime_3.8.604.20221130-2149\jars\maven-settings-3.8.6.jar
2023-06-10 17:15:41,572 [Worker-3: Launching mavenrun-da2a3d1a-0d89-4d16-abb3-22b00478f2b0] INFO  o.eclipse.m2e.core.internal.Bundles - 	Entry: C:\Users\j shanker\Downloads\eclipse-jee-2022-12-R-win32-x86_64\eclipse\plugins\org.eclipse.m2e.maven.runtime_3.8.604.20221130-2149\jars\maven-settings-builder-3.8.6.jar
2023-06-10 17:15:41,572 [Worker-3: Launching mavenrun-da2a3d1a-0d89-4d16-abb3-22b00478f2b0] INFO  o.eclipse.m2e.core.internal.Bundles - 	Entry: C:\Users\j shanker\Downloads\eclipse-jee-2022-12-R-win32-x86_64\eclipse\plugins\org.eclipse.m2e.maven.runtime_3.8.604.20221130-2149\jars\maven-shared-utils-3.3.4.jar
2023-06-10 17:15:41,572 [Worker-3: Launching mavenrun-da2a3d1a-0d89-4d16-abb3-22b00478f2b0] INFO  o.eclipse.m2e.core.internal.Bundles - 	Entry: C:\Users\j shanker\Downloads\eclipse-jee-2022-12-R-win32-x86_64\eclipse\plugins\org.eclipse.m2e.maven.runtime_3.8.604.20221130-2149\jars\okhttp-3.14.1.jar
2023-06-10 17:15:41,572 [Worker-3: Launching mavenrun-da2a3d1a-0d89-4d16-abb3-22b00478f2b0] INFO  o.eclipse.m2e.core.internal.Bundles - 	Entry: C:\Users\j shanker\Downloads\eclipse-jee-2022-12-R-win32-x86_64\eclipse\plugins\org.eclipse.m2e.maven.runtime_3.8.604.20221130-2149\jars\okio-1.17.3.jar
2023-06-10 17:15:41,572 [Worker-3: Launching mavenrun-da2a3d1a-0d89-4d16-abb3-22b00478f2b0] INFO  o.eclipse.m2e.core.internal.Bundles - 	Entry: C:\Users\j shanker\Downloads\eclipse-jee-2022-12-R-win32-x86_64\eclipse\plugins\org.eclipse.m2e.maven.runtime_3.8.604.20221130-2149\jars\org.eclipse.sisu.inject-0.3.5.jar
2023-06-10 17:15:41,572 [Worker-3: Launching mavenrun-da2a3d1a-0d89-4d16-abb3-22b00478f2b0] INFO  o.eclipse.m2e.core.internal.Bundles - 	Entry: C:\Users\j shanker\Downloads\eclipse-jee-2022-12-R-win32-x86_64\eclipse\plugins\org.eclipse.m2e.maven.runtime_3.8.604.20221130-2149\jars\org.eclipse.sisu.plexus-0.3.5.jar
2023-06-10 17:15:41,572 [Worker-3: Launching mavenrun-da2a3d1a-0d89-4d16-abb3-22b00478f2b0] INFO  o.eclipse.m2e.core.internal.Bundles - 	Entry: C:\Users\j shanker\Downloads\eclipse-jee-2022-12-R-win32-x86_64\eclipse\plugins\org.eclipse.m2e.maven.runtime_3.8.604.20221130-2149\jars\plexus-build-api-0.0.7.jar
2023-06-10 17:15:41,572 [Worker-3: Launching mavenrun-da2a3d1a-0d89-4d16-abb3-22b00478f2b0] INFO  o.eclipse.m2e.core.internal.Bundles - 	Entry: C:\Users\j shanker\Downloads\eclipse-jee-2022-12-R-win32-x86_64\eclipse\plugins\org.eclipse.m2e.maven.runtime_3.8.604.20221130-2149\jars\plexus-cipher-2.0.jar
2023-06-10 17:15:41,572 [Worker-3: Launching mavenrun-da2a3d1a-0d89-4d16-abb3-22b00478f2b0] INFO  o.eclipse.m2e.core.internal.Bundles - 	Entry: C:\Users\j shanker\Downloads\eclipse-jee-2022-12-R-win32-x86_64\eclipse\plugins\org.eclipse.m2e.maven.runtime_3.8.604.20221130-2149\jars\plexus-classworlds-2.6.0.jar
2023-06-10 17:15:41,572 [Worker-3: Launching mavenrun-da2a3d1a-0d89-4d16-abb3-22b00478f2b0] INFO  o.eclipse.m2e.core.internal.Bundles - 	Entry: C:\Users\j shanker\Downloads\eclipse-jee-2022-12-R-win32-x86_64\eclipse\plugins\org.eclipse.m2e.maven.runtime_3.8.604.20221130-2149\jars\plexus-component-annotations-2.1.0.jar
2023-06-10 17:15:41,573 [Worker-3: Launching mavenrun-da2a3d1a-0d89-4d16-abb3-22b00478f2b0] INFO  o.eclipse.m2e.core.internal.Bundles - 	Entry: C:\Users\j shanker\Downloads\eclipse-jee-2022-12-R-win32-x86_64\eclipse\plugins\org.eclipse.m2e.maven.runtime_3.8.604.20221130-2149\jars\plexus-interpolation-1.26.jar
2023-06-10 17:15:41,573 [Worker-3: Launching mavenrun-da2a3d1a-0d89-4d16-abb3-22b00478f2b0] INFO  o.eclipse.m2e.core.internal.Bundles - 	Entry: C:\Users\j shanker\Downloads\eclipse-jee-2022-12-R-win32-x86_64\eclipse\plugins\org.eclipse.m2e.maven.runtime_3.8.604.20221130-2149\jars\plexus-sec-dispatcher-2.0.jar
2023-06-10 17:15:41,573 [Worker-3: Launching mavenrun-da2a3d1a-0d89-4d16-abb3-22b00478f2b0] INFO  o.eclipse.m2e.core.internal.Bundles - 	Entry: C:\Users\j shanker\Downloads\eclipse-jee-2022-12-R-win32-x86_64\eclipse\plugins\org.eclipse.m2e.maven.runtime_3.8.604.20221130-2149\jars\plexus-utils-3.3.1.jar
2023-06-10 17:15:41,573 [Worker-3: Launching mavenrun-da2a3d1a-0d89-4d16-abb3-22b00478f2b0] INFO  o.eclipse.m2e.core.internal.Bundles - 	Entry: C:\Users\j shanker\Downloads\eclipse-jee-2022-12-R-win32-x86_64\eclipse\plugins\org.eclipse.m2e.maven.runtime_3.8.604.20221130-2149\jars\wagon-file-3.5.1.jar
2023-06-10 17:15:41,573 [Worker-3: Launching mavenrun-da2a3d1a-0d89-4d16-abb3-22b00478f2b0] INFO  o.eclipse.m2e.core.internal.Bundles - 	Entry: C:\Users\j shanker\Downloads\eclipse-jee-2022-12-R-win32-x86_64\eclipse\plugins\org.eclipse.m2e.maven.runtime_3.8.604.20221130-2149\jars\wagon-provider-api-3.5.1.jar
2023-06-10 17:15:41,575 [Worker-3: Launching mavenrun-da2a3d1a-0d89-4d16-abb3-22b00478f2b0] INFO  o.eclipse.m2e.core.internal.Bundles - getClasspathEntries(Bundle=com.google.guava_30.1.0.v20221112-0806 [10])
2023-06-10 17:15:41,578 [Worker-3: Launching mavenrun-da2a3d1a-0d89-4d16-abb3-22b00478f2b0] INFO  o.eclipse.m2e.core.internal.Bundles - 	Entry: C:\Users\j shanker\Downloads\eclipse-jee-2022-12-R-win32-x86_64\eclipse\plugins\com.google.guava_30.1.0.v20221112-0806.jar
2023-06-10 17:15:41,578 [Worker-3: Launching mavenrun-da2a3d1a-0d89-4d16-abb3-22b00478f2b0] INFO  o.eclipse.m2e.core.internal.Bundles - getClasspathEntries(Bundle=slf4j.api_1.7.36 [918])
2023-06-10 17:15:41,579 [Worker-3: Launching mavenrun-da2a3d1a-0d89-4d16-abb3-22b00478f2b0] INFO  o.eclipse.m2e.core.internal.Bundles - 	Entry: C:\Users\j shanker\Downloads\eclipse-jee-2022-12-R-win32-x86_64\eclipse\plugins\slf4j.api_1.7.36.jar
2023-06-10 17:15:41,579 [Worker-3: Launching mavenrun-da2a3d1a-0d89-4d16-abb3-22b00478f2b0] INFO  o.eclipse.m2e.core.internal.Bundles - getClasspathEntries(Bundle=javax.inject_1.0.0.v20220405-0441 [32])
2023-06-10 17:15:41,581 [Worker-3: Launching mavenrun-da2a3d1a-0d89-4d16-abb3-22b00478f2b0] INFO  o.eclipse.m2e.core.internal.Bundles - 	Entry: C:\Users\j shanker\Downloads\eclipse-jee-2022-12-R-win32-x86_64\eclipse\plugins\javax.inject_1.0.0.v20220405-0441.jar
2023-06-10 17:15:41,581 [Worker-3: Launching mavenrun-da2a3d1a-0d89-4d16-abb3-22b00478f2b0] INFO  o.eclipse.m2e.core.internal.Bundles - getClasspathEntries(Bundle=javax.annotation_1.3.5.v20221112-0806 [30])
2023-06-10 17:15:41,583 [Worker-3: Launching mavenrun-da2a3d1a-0d89-4d16-abb3-22b00478f2b0] INFO  o.eclipse.m2e.core.internal.Bundles - 	Entry: C:\Users\j shanker\Downloads\eclipse-jee-2022-12-R-win32-x86_64\eclipse\plugins\javax.annotation_1.3.5.v20221112-0806.jar
2023-06-10 17:15:41,593 [Worker-3: Launching mavenrun-da2a3d1a-0d89-4d16-abb3-22b00478f2b0] INFO  o.e.m.i.launch.MavenLaunchDelegate - Run build in "C:\Users\JSHANK~1\AppData\Local\Temp\m2e-archetypeGenerator14836453146826153700":
2023-06-10 17:15:41,598 [Worker-3: Launching mavenrun-da2a3d1a-0d89-4d16-abb3-22b00478f2b0] INFO  o.e.m.i.launch.MavenLaunchDelegate -  mvn  -DarchetypeGroupId=org.apache.maven.archetypes -DarchetypeArtifactId=maven-archetype-webapp -DarchetypeVersion=1.4 -DgroupId=SearchApp -DartifactId=SearchApp -Dversion=0.0.1-SNAPSHOT -Dpackage=com.searchapp -DoutputDirectory="C:\Users\j shanker\OneDrive\Desktop\SearchApp" -Dstyle.color=always -U archetype:generate
2023-06-10 17:15:54,320 [Worker-5: Creating maven-archetype-webapp] INFO  o.e.m.c.i.p.ProjectConfigurationManager - Collecting project info '/pom.xml' C:\Users\j shanker\OneDrive\Desktop\SearchApp\SearchApp\pom.xml
2023-06-10 17:15:54,886 [Worker-5: Creating maven-archetype-webapp] INFO  o.e.m.c.i.l.LifecycleMappingFactory - Using org.maven.ide.eclipse.wtp.WarLifecycleMapping lifecycle mapping for MavenProject: SearchApp:SearchApp:0.0.1-SNAPSHOT @ C:\Users\j shanker\OneDrive\Desktop\SearchApp\SearchApp\pom.xml.
2023-06-10 17:15:54,956 [Worker-5: Creating maven-archetype-webapp] INFO  o.e.m.c.i.e.AbstractTransferListenerAdapter - Downloading https://repo.maven.apache.org/maven2/junit/junit/4.11/junit-4.11.pom
2023-06-10 17:15:55,033 [Worker-5: Creating maven-archetype-webapp] INFO  o.e.m.c.i.e.AbstractTransferListenerAdapter - Downloaded https://repo.maven.apache.org/maven2/junit/junit/4.11/junit-4.11.pom
2023-06-10 17:15:55,086 [Worker-5: Creating maven-archetype-webapp] INFO  o.e.m.c.i.e.AbstractTransferListenerAdapter - Downloading https://repo.maven.apache.org/maven2/org/hamcrest/hamcrest-core/1.3/hamcrest-core-1.3.pom
2023-06-10 17:15:55,122 [Worker-5: Creating maven-archetype-webapp] INFO  o.e.m.c.i.e.AbstractTransferListenerAdapter - Downloaded https://repo.maven.apache.org/maven2/org/hamcrest/hamcrest-core/1.3/hamcrest-core-1.3.pom
2023-06-10 17:15:55,140 [Worker-5: Creating maven-archetype-webapp] INFO  o.e.m.c.i.e.AbstractTransferListenerAdapter - Downloading https://repo.maven.apache.org/maven2/org/hamcrest/hamcrest-parent/1.3/hamcrest-parent-1.3.pom
2023-06-10 17:15:55,172 [Worker-5: Creating maven-archetype-webapp] INFO  o.e.m.c.i.e.AbstractTransferListenerAdapter - Downloaded https://repo.maven.apache.org/maven2/org/hamcrest/hamcrest-parent/1.3/hamcrest-parent-1.3.pom
2023-06-10 17:15:55,201 [AetherRepositoryConnector-repo.maven.apache.org-0-0] INFO  o.e.m.c.i.e.AbstractTransferListenerAdapter - Downloading https://repo.maven.apache.org/maven2/junit/junit/4.11/junit-4.11.jar
2023-06-10 17:15:55,299 [AetherRepositoryConnector-repo.maven.apache.org-0-1] INFO  o.e.m.c.i.e.AbstractTransferListenerAdapter - Downloading https://repo.maven.apache.org/maven2/org/hamcrest/hamcrest-core/1.3/hamcrest-core-1.3.jar
2023-06-10 17:15:55,376 [AetherRepositoryConnector-repo.maven.apache.org-0-0] INFO  o.e.m.c.i.e.AbstractTransferListenerAdapter - Downloaded https://repo.maven.apache.org/maven2/junit/junit/4.11/junit-4.11.jar
2023-06-10 17:15:55,567 [AetherRepositoryConnector-repo.maven.apache.org-0-1] INFO  o.e.m.c.i.e.AbstractTransferListenerAdapter - Downloaded https://repo.maven.apache.org/maven2/org/hamcrest/hamcrest-core/1.3/hamcrest-core-1.3.jar
2023-06-10 17:15:56,226 [Worker-5: Creating maven-archetype-webapp] INFO  o.e.m.j.i.AbstractJavaProjectConfigurator - Adding source folder /SearchApp/src/main/java
2023-06-10 17:15:56,227 [Worker-5: Creating maven-archetype-webapp] INFO  o.e.m.j.i.AbstractJavaProjectConfigurator - Adding source folder /SearchApp/src/test/java
2023-06-10 17:15:57,185 [Worker-23: Download sources and javadoc] INFO  o.e.m.c.i.e.AbstractTransferListenerAdapter - Downloading https://repo.maven.apache.org/maven2/junit/junit/4.11/junit-4.11-sources.jar
2023-06-10 17:15:57,243 [Worker-23: Download sources and javadoc] INFO  o.e.m.c.i.e.AbstractTransferListenerAdapter - Downloaded https://repo.maven.apache.org/maven2/junit/junit/4.11/junit-4.11-sources.jar
2023-06-10 17:15:57,246 [Worker-23: Download sources and javadoc] INFO  o.e.m.j.internal.DownloadSourcesJob - Downloaded sources for junit:junit:4.11
2023-06-10 17:15:57,294 [Worker-23: Download sources and javadoc] INFO  o.e.m.c.i.e.AbstractTransferListenerAdapter - Downloading https://repo.maven.apache.org/maven2/org/hamcrest/hamcrest-core/1.3/hamcrest-core-1.3-sources.jar
2023-06-10 17:15:57,762 [Worker-23: Download sources and javadoc] INFO  o.e.m.c.i.e.AbstractTransferListenerAdapter - Downloaded https://repo.maven.apache.org/maven2/org/hamcrest/hamcrest-core/1.3/hamcrest-core-1.3-sources.jar
2023-06-10 17:15:57,766 [Worker-23: Download sources and javadoc] INFO  o.e.m.j.internal.DownloadSourcesJob - Downloaded sources for org.hamcrest:hamcrest-core:1.3
2023-06-10 17:15:57,987 [Worker-5: Creating maven-archetype-webapp] INFO  o.e.m.c.i.p.ProjectConfigurationManager - Imported and configured 1 project(s) in 3 sec
2023-06-10 17:15:58,540 [Worker-13: Building] INFO  o.e.m.c.i.embedder.EclipseLogger - Using 'UTF-8' encoding to copy filtered resources.
2023-06-10 17:15:58,540 [Worker-13: Building] INFO  o.e.m.c.i.embedder.EclipseLogger - skip non existing resourceDirectory C:\Users\j shanker\OneDrive\Desktop\SearchApp\SearchApp\src\main\resources
2023-06-10 17:15:58,545 [Worker-13: Building] INFO  o.e.m.c.i.embedder.EclipseLogger - Using 'UTF-8' encoding to copy filtered resources.
2023-06-10 17:15:58,545 [Worker-13: Building] INFO  o.e.m.c.i.embedder.EclipseLogger - skip non existing resourceDirectory C:\Users\j shanker\OneDrive\Desktop\SearchApp\SearchApp\src\test\resources
2023-06-10 17:16:19,591 [Worker-25: Building] INFO  o.e.m.c.i.embedder.EclipseLogger - Using 'UTF-8' encoding to copy filtered resources.
2023-06-10 17:16:19,591 [Worker-25: Building] INFO  o.e.m.c.i.embedder.EclipseLogger - skip non existing resourceDirectory C:\Users\j shanker\OneDrive\Desktop\SearchApp\SearchApp\src\main\resources
2023-06-10 17:16:19,596 [Worker-25: Building] INFO  o.e.m.c.i.embedder.EclipseLogger - Using 'UTF-8' encoding to copy filtered resources.
2023-06-10 17:16:19,597 [Worker-25: Building] INFO  o.e.m.c.i.embedder.EclipseLogger - skip non existing resourceDirectory C:\Users\j shanker\OneDrive\Desktop\SearchApp\SearchApp\src\test\resources
2023-06-10 17:22:36,164 [Worker-9: Building] INFO  o.e.m.c.i.l.LifecycleMappingFactory - Using org.maven.ide.eclipse.wtp.WarLifecycleMapping lifecycle mapping for MavenProject: SearchApp:SearchApp:0.0.1-SNAPSHOT @ C:\Users\j shanker\OneDrive\Desktop\SearchApp\SearchApp\pom.xml.
2023-06-10 17:22:36,580 [Worker-9: Building] INFO  o.e.m.c.i.embedder.EclipseLogger - Using 'UTF-8' encoding to copy filtered resources.
2023-06-10 17:22:36,580 [Worker-9: Building] INFO  o.e.m.c.i.embedder.EclipseLogger - skip non existing resourceDirectory C:\Users\j shanker\OneDrive\Desktop\SearchApp\SearchApp\src\main\resources
2023-06-10 17:22:36,587 [Worker-9: Building] INFO  o.e.m.c.i.embedder.EclipseLogger - Using 'UTF-8' encoding to copy filtered resources.
2023-06-10 17:22:36,587 [Worker-9: Building] INFO  o.e.m.c.i.embedder.EclipseLogger - skip non existing resourceDirectory C:\Users\j shanker\OneDrive\Desktop\SearchApp\SearchApp\src\test\resources
2023-06-10 17:22:36,587 [Worker-9: Building] INFO  o.e.m.w.i.f.ResourceFilteringBuildParticipant - Changed resources require a complete clean of filtered resources of SearchApp
2023-06-10 17:22:36,587 [Worker-9: Building] INFO  o.e.m.w.i.f.ResourceFilteringBuildParticipant - Executing resource filtering for SearchApp
2023-06-10 17:22:36,591 [Worker-9: Building] INFO  o.e.m.c.i.embedder.EclipseLogger - Using 'UTF-8' encoding to copy filtered resources.
2023-06-10 17:22:58,058 [Worker-27: Updating Maven Project] INFO  o.e.m.c.i.p.ProjectConfigurationManager - Update started
2023-06-10 17:22:58,386 [Worker-27: Updating Maven Project] INFO  o.e.m.c.i.l.LifecycleMappingFactory - Using org.maven.ide.eclipse.wtp.WarLifecycleMapping lifecycle mapping for MavenProject: SearchApp:SearchApp:0.0.1-SNAPSHOT @ C:\Users\j shanker\OneDrive\Desktop\SearchApp\SearchApp\pom.xml.
2023-06-10 17:22:58,761 [Worker-27: Updating Maven Project] INFO  o.e.m.j.i.AbstractJavaProjectConfigurator - Adding source folder /SearchApp/src/main/java
2023-06-10 17:22:58,762 [Worker-27: Updating Maven Project] INFO  o.e.m.j.i.AbstractJavaProjectConfigurator - Adding source folder /SearchApp/src/test/java
2023-06-10 17:22:58,937 [Worker-27: Updating Maven Project] INFO  o.e.m.w.i.f.ResourceFilteringBuildParticipant - Cleaning filtered folder for SearchApp
2023-06-10 17:22:58,944 [Worker-27: Updating Maven Project] INFO  o.e.m.c.i.p.ProjectConfigurationManager - Update completed for 1 poms: local refresh takes 0.00 sec, refresh facades takes 0.00 sec, update config takes 0.00 sec 
2023-06-10 17:22:59,083 [Worker-28: Building] INFO  o.e.m.c.i.embedder.EclipseLogger - Using 'UTF-8' encoding to copy filtered resources.
2023-06-10 17:22:59,084 [Worker-28: Building] INFO  o.e.m.c.i.embedder.EclipseLogger - skip non existing resourceDirectory C:\Users\j shanker\OneDrive\Desktop\SearchApp\SearchApp\src\main\resources
2023-06-10 17:22:59,087 [Worker-28: Building] INFO  o.e.m.c.i.embedder.EclipseLogger - Using 'UTF-8' encoding to copy filtered resources.
2023-06-10 17:22:59,087 [Worker-28: Building] INFO  o.e.m.c.i.embedder.EclipseLogger - skip non existing resourceDirectory C:\Users\j shanker\OneDrive\Desktop\SearchApp\SearchApp\src\test\resources
2023-06-10 17:22:59,088 [Worker-28: Building] INFO  o.e.m.w.i.f.ResourceFilteringBuildParticipant - Changed resources require a complete clean of filtered resources of SearchApp
2023-06-10 17:22:59,088 [Worker-28: Building] INFO  o.e.m.w.i.f.ResourceFilteringBuildParticipant - Executing resource filtering for SearchApp
2023-06-10 17:22:59,092 [Worker-28: Building] INFO  o.e.m.c.i.embedder.EclipseLogger - Using 'UTF-8' encoding to copy filtered resources.
2023-06-10 17:34:00,543 [Worker-36: Building] INFO  o.e.m.c.i.embedder.EclipseLogger - Using 'UTF-8' encoding to copy filtered resources.
2023-06-10 17:34:00,543 [Worker-36: Building] INFO  o.e.m.c.i.embedder.EclipseLogger - skip non existing resourceDirectory C:\Users\j shanker\OneDrive\Desktop\SearchApp\SearchApp\src\main\resources
2023-06-10 17:34:00,545 [Worker-36: Building] INFO  o.e.m.c.i.embedder.EclipseLogger - Using 'UTF-8' encoding to copy filtered resources.
2023-06-10 17:34:00,546 [Worker-36: Building] INFO  o.e.m.c.i.embedder.EclipseLogger - skip non existing resourceDirectory C:\Users\j shanker\OneDrive\Desktop\SearchApp\SearchApp\src\test\resources
2023-06-10 17:34:38,094 [Worker-34: Building] INFO  o.e.m.c.i.embedder.EclipseLogger - Using 'UTF-8' encoding to copy filtered resources.
2023-06-10 17:34:38,095 [Worker-34: Building] INFO  o.e.m.c.i.embedder.EclipseLogger - skip non existing resourceDirectory C:\Users\j shanker\OneDrive\Desktop\SearchApp\SearchApp\src\main\resources
2023-06-10 17:34:38,098 [Worker-34: Building] INFO  o.e.m.c.i.embedder.EclipseLogger - Using 'UTF-8' encoding to copy filtered resources.
2023-06-10 17:34:38,098 [Worker-34: Building] INFO  o.e.m.c.i.embedder.EclipseLogger - skip non existing resourceDirectory C:\Users\j shanker\OneDrive\Desktop\SearchApp\SearchApp\src\test\resources
2023-06-10 17:35:59,429 [Worker-39: Building] INFO  o.e.m.c.i.embedder.EclipseLogger - Using 'UTF-8' encoding to copy filtered resources.
2023-06-10 17:35:59,429 [Worker-39: Building] INFO  o.e.m.c.i.embedder.EclipseLogger - skip non existing resourceDirectory C:\Users\j shanker\OneDrive\Desktop\SearchApp\SearchApp\src\main\resources
2023-06-10 17:35:59,432 [Worker-39: Building] INFO  o.e.m.c.i.embedder.EclipseLogger - Using 'UTF-8' encoding to copy filtered resources.
2023-06-10 17:35:59,432 [Worker-39: Building] INFO  o.e.m.c.i.embedder.EclipseLogger - skip non existing resourceDirectory C:\Users\j shanker\OneDrive\Desktop\SearchApp\SearchApp\src\test\resources
2023-06-10 17:37:22,909 [Worker-34: Building] INFO  o.e.m.c.i.embedder.EclipseLogger - Using 'UTF-8' encoding to copy filtered resources.
2023-06-10 17:37:22,909 [Worker-34: Building] INFO  o.e.m.c.i.embedder.EclipseLogger - skip non existing resourceDirectory C:\Users\j shanker\OneDrive\Desktop\SearchApp\SearchApp\src\main\resources
2023-06-10 17:37:22,910 [Worker-34: Building] INFO  o.e.m.c.i.embedder.EclipseLogger - Using 'UTF-8' encoding to copy filtered resources.
2023-06-10 17:37:22,911 [Worker-34: Building] INFO  o.e.m.c.i.embedder.EclipseLogger - skip non existing resourceDirectory C:\Users\j shanker\OneDrive\Desktop\SearchApp\SearchApp\src\test\resources
2023-06-10 17:39:15,989 [Worker-36: Building] INFO  o.e.m.c.i.embedder.EclipseLogger - Using 'UTF-8' encoding to copy filtered resources.
2023-06-10 17:39:15,989 [Worker-36: Building] INFO  o.e.m.c.i.embedder.EclipseLogger - skip non existing resourceDirectory C:\Users\j shanker\OneDrive\Desktop\SearchApp\SearchApp\src\main\resources
2023-06-10 17:39:15,992 [Worker-36: Building] INFO  o.e.m.c.i.embedder.EclipseLogger - Using 'UTF-8' encoding to copy filtered resources.
2023-06-10 17:39:15,992 [Worker-36: Building] INFO  o.e.m.c.i.embedder.EclipseLogger - skip non existing resourceDirectory C:\Users\j shanker\OneDrive\Desktop\SearchApp\SearchApp\src\test\resources
2023-06-10 17:40:02,824 [Worker-36: Building] INFO  o.e.m.c.i.embedder.EclipseLogger - Using 'UTF-8' encoding to copy filtered resources.
2023-06-10 17:40:02,825 [Worker-36: Building] INFO  o.e.m.c.i.embedder.EclipseLogger - skip non existing resourceDirectory C:\Users\j shanker\OneDrive\Desktop\SearchApp\SearchApp\src\main\resources
2023-06-10 17:40:02,826 [Worker-36: Building] INFO  o.e.m.c.i.embedder.EclipseLogger - Using 'UTF-8' encoding to copy filtered resources.
2023-06-10 17:40:02,828 [Worker-36: Building] INFO  o.e.m.c.i.embedder.EclipseLogger - skip non existing resourceDirectory C:\Users\j shanker\OneDrive\Desktop\SearchApp\SearchApp\src\test\resources
2023-06-10 17:40:03,846 [Worker-39: Building] INFO  o.e.m.c.i.embedder.EclipseLogger - Using 'UTF-8' encoding to copy filtered resources.
2023-06-10 17:40:03,846 [Worker-39: Building] INFO  o.e.m.c.i.embedder.EclipseLogger - skip non existing resourceDirectory C:\Users\j shanker\OneDrive\Desktop\SearchApp\SearchApp\src\main\resources
2023-06-10 17:40:03,849 [Worker-39: Building] INFO  o.e.m.c.i.embedder.EclipseLogger - Using 'UTF-8' encoding to copy filtered resources.
2023-06-10 17:40:03,849 [Worker-39: Building] INFO  o.e.m.c.i.embedder.EclipseLogger - skip non existing resourceDirectory C:\Users\j shanker\OneDrive\Desktop\SearchApp\SearchApp\src\test\resources
2023-06-10 17:42:05,948 [Worker-40: Building] INFO  o.e.m.c.i.embedder.EclipseLogger - Using 'UTF-8' encoding to copy filtered resources.
2023-06-10 17:42:05,948 [Worker-40: Building] INFO  o.e.m.c.i.embedder.EclipseLogger - skip non existing resourceDirectory C:\Users\j shanker\OneDrive\Desktop\SearchApp\SearchApp\src\main\resources
2023-06-10 17:42:05,950 [Worker-40: Building] INFO  o.e.m.c.i.embedder.EclipseLogger - Using 'UTF-8' encoding to copy filtered resources.
2023-06-10 17:42:05,950 [Worker-40: Building] INFO  o.e.m.c.i.embedder.EclipseLogger - skip non existing resourceDirectory C:\Users\j shanker\OneDrive\Desktop\SearchApp\SearchApp\src\test\resources
2023-06-10 17:48:36,964 [Worker-42: Building] INFO  o.e.m.c.i.embedder.EclipseLogger - Using 'UTF-8' encoding to copy filtered resources.
2023-06-10 17:48:36,964 [Worker-42: Building] INFO  o.e.m.c.i.embedder.EclipseLogger - skip non existing resourceDirectory C:\Users\j shanker\OneDrive\Desktop\SearchApp\SearchApp\src\main\resources
2023-06-10 17:48:36,966 [Worker-42: Building] INFO  o.e.m.c.i.embedder.EclipseLogger - Using 'UTF-8' encoding to copy filtered resources.
2023-06-10 17:48:36,966 [Worker-42: Building] INFO  o.e.m.c.i.embedder.EclipseLogger - skip non existing resourceDirectory C:\Users\j shanker\OneDrive\Desktop\SearchApp\SearchApp\src\test\resources
2023-06-10 17:50:47,495 [Worker-44: Building] INFO  o.e.m.c.i.embedder.EclipseLogger - Using 'UTF-8' encoding to copy filtered resources.
2023-06-10 17:50:47,495 [Worker-44: Building] INFO  o.e.m.c.i.embedder.EclipseLogger - skip non existing resourceDirectory C:\Users\j shanker\OneDrive\Desktop\SearchApp\SearchApp\src\main\resources
2023-06-10 17:50:47,497 [Worker-44: Building] INFO  o.e.m.c.i.embedder.EclipseLogger - Using 'UTF-8' encoding to copy filtered resources.
2023-06-10 17:50:47,497 [Worker-44: Building] INFO  o.e.m.c.i.embedder.EclipseLogger - skip non existing resourceDirectory C:\Users\j shanker\OneDrive\Desktop\SearchApp\SearchApp\src\test\resources
2023-06-10 17:51:22,581 [Worker-47: Building] INFO  o.e.m.c.i.embedder.EclipseLogger - Using 'UTF-8' encoding to copy filtered resources.
2023-06-10 17:51:22,581 [Worker-47: Building] INFO  o.e.m.c.i.embedder.EclipseLogger - skip non existing resourceDirectory C:\Users\j shanker\OneDrive\Desktop\SearchApp\SearchApp\src\main\resources
2023-06-10 17:51:22,584 [Worker-47: Building] INFO  o.e.m.c.i.embedder.EclipseLogger - Using 'UTF-8' encoding to copy filtered resources.
2023-06-10 17:51:22,584 [Worker-47: Building] INFO  o.e.m.c.i.embedder.EclipseLogger - skip non existing resourceDirectory C:\Users\j shanker\OneDrive\Desktop\SearchApp\SearchApp\src\test\resources
2023-06-10 17:52:12,973 [Worker-45: Updating Maven Project] INFO  o.e.m.c.i.p.ProjectConfigurationManager - Update started
2023-06-10 17:52:13,234 [Worker-45: Updating Maven Project] INFO  o.e.m.c.i.l.LifecycleMappingFactory - Using org.maven.ide.eclipse.wtp.WarLifecycleMapping lifecycle mapping for MavenProject: SearchApp:SearchApp:0.0.1-SNAPSHOT @ C:\Users\j shanker\OneDrive\Desktop\SearchApp\SearchApp\pom.xml.
2023-06-10 17:52:13,569 [Worker-45: Updating Maven Project] INFO  o.e.m.j.i.AbstractJavaProjectConfigurator - Adding source folder /SearchApp/src/main/java
2023-06-10 17:52:13,580 [Worker-45: Updating Maven Project] INFO  o.e.m.j.i.AbstractJavaProjectConfigurator - Adding source folder /SearchApp/src/test/java
2023-06-10 17:52:13,727 [Worker-45: Updating Maven Project] INFO  o.e.m.w.i.f.ResourceFilteringBuildParticipant - Cleaning filtered folder for SearchApp
2023-06-10 17:52:13,734 [Worker-45: Updating Maven Project] INFO  o.e.m.c.i.p.ProjectConfigurationManager - Update completed for 1 poms: local refresh takes 0.00 sec, refresh facades takes 0.00 sec, update config takes 0.00 sec 
2023-06-10 17:52:13,884 [Worker-47: Building] INFO  o.e.m.c.i.embedder.EclipseLogger - Using 'UTF-8' encoding to copy filtered resources.
2023-06-10 17:52:13,885 [Worker-47: Building] INFO  o.e.m.c.i.embedder.EclipseLogger - skip non existing resourceDirectory C:\Users\j shanker\OneDrive\Desktop\SearchApp\SearchApp\src\main\resources
2023-06-10 17:52:13,888 [Worker-47: Building] INFO  o.e.m.c.i.embedder.EclipseLogger - Using 'UTF-8' encoding to copy filtered resources.
2023-06-10 17:52:13,888 [Worker-47: Building] INFO  o.e.m.c.i.embedder.EclipseLogger - skip non existing resourceDirectory C:\Users\j shanker\OneDrive\Desktop\SearchApp\SearchApp\src\test\resources
2023-06-10 17:52:13,888 [Worker-47: Building] INFO  o.e.m.w.i.f.ResourceFilteringBuildParticipant - Changed resources require a complete clean of filtered resources of SearchApp
2023-06-10 17:52:13,889 [Worker-47: Building] INFO  o.e.m.w.i.f.ResourceFilteringBuildParticipant - Executing resource filtering for SearchApp
2023-06-10 17:52:13,891 [Worker-47: Building] INFO  o.e.m.c.i.embedder.EclipseLogger - Using 'UTF-8' encoding to copy filtered resources.
2023-06-10 17:56:47,675 [Worker-41: Building] INFO  o.e.m.c.i.embedder.EclipseLogger - Using 'UTF-8' encoding to copy filtered resources.
2023-06-10 17:56:47,676 [Worker-41: Building] INFO  o.e.m.c.i.embedder.EclipseLogger - skip non existing resourceDirectory C:\Users\j shanker\OneDrive\Desktop\SearchApp\SearchApp\src\main\resources
2023-06-10 17:56:47,677 [Worker-41: Building] INFO  o.e.m.c.i.embedder.EclipseLogger - Using 'UTF-8' encoding to copy filtered resources.
2023-06-10 17:56:47,677 [Worker-41: Building] INFO  o.e.m.c.i.embedder.EclipseLogger - skip non existing resourceDirectory C:\Users\j shanker\OneDrive\Desktop\SearchApp\SearchApp\src\test\resources
2023-06-10 17:58:07,898 [Worker-49: Building] INFO  o.e.m.c.i.embedder.EclipseLogger - Using 'UTF-8' encoding to copy filtered resources.
2023-06-10 17:58:07,898 [Worker-49: Building] INFO  o.e.m.c.i.embedder.EclipseLogger - skip non existing resourceDirectory C:\Users\j shanker\OneDrive\Desktop\SearchApp\SearchApp\src\main\resources
2023-06-10 17:58:07,900 [Worker-49: Building] INFO  o.e.m.c.i.embedder.EclipseLogger - Using 'UTF-8' encoding to copy filtered resources.
2023-06-10 17:58:07,900 [Worker-49: Building] INFO  o.e.m.c.i.embedder.EclipseLogger - skip non existing resourceDirectory C:\Users\j shanker\OneDrive\Desktop\SearchApp\SearchApp\src\test\resources
2023-06-10 17:58:31,149 [Worker-51: Building] INFO  o.e.m.c.i.embedder.EclipseLogger - Using 'UTF-8' encoding to copy filtered resources.
2023-06-10 17:58:31,149 [Worker-51: Building] INFO  o.e.m.c.i.embedder.EclipseLogger - skip non existing resourceDirectory C:\Users\j shanker\OneDrive\Desktop\SearchApp\SearchApp\src\main\resources
2023-06-10 17:58:31,151 [Worker-51: Building] INFO  o.e.m.c.i.embedder.EclipseLogger - Using 'UTF-8' encoding to copy filtered resources.
2023-06-10 17:58:31,151 [Worker-51: Building] INFO  o.e.m.c.i.embedder.EclipseLogger - skip non existing resourceDirectory C:\Users\j shanker\OneDrive\Desktop\SearchApp\SearchApp\src\test\resources
2023-06-10 17:58:53,767 [Worker-52: Building] INFO  o.e.m.c.i.embedder.EclipseLogger - Using 'UTF-8' encoding to copy filtered resources.
2023-06-10 17:58:53,767 [Worker-52: Building] INFO  o.e.m.c.i.embedder.EclipseLogger - skip non existing resourceDirectory C:\Users\j shanker\OneDrive\Desktop\SearchApp\SearchApp\src\main\resources
2023-06-10 17:58:53,769 [Worker-52: Building] INFO  o.e.m.c.i.embedder.EclipseLogger - Using 'UTF-8' encoding to copy filtered resources.
2023-06-10 17:58:53,769 [Worker-52: Building] INFO  o.e.m.c.i.embedder.EclipseLogger - skip non existing resourceDirectory C:\Users\j shanker\OneDrive\Desktop\SearchApp\SearchApp\src\test\resources
2023-06-10 18:00:14,678 [Worker-41: Building] INFO  o.e.m.c.i.embedder.EclipseLogger - Using 'UTF-8' encoding to copy filtered resources.
2023-06-10 18:00:14,678 [Worker-41: Building] INFO  o.e.m.c.i.embedder.EclipseLogger - skip non existing resourceDirectory C:\Users\j shanker\OneDrive\Desktop\SearchApp\SearchApp\src\main\resources
2023-06-10 18:00:14,679 [Worker-41: Building] INFO  o.e.m.c.i.embedder.EclipseLogger - Using 'UTF-8' encoding to copy filtered resources.
2023-06-10 18:00:14,679 [Worker-41: Building] INFO  o.e.m.c.i.embedder.EclipseLogger - skip non existing resourceDirectory C:\Users\j shanker\OneDrive\Desktop\SearchApp\SearchApp\src\test\resources
2023-06-10 18:00:36,229 [Worker-49: Building] INFO  o.e.m.c.i.embedder.EclipseLogger - Using 'UTF-8' encoding to copy filtered resources.
2023-06-10 18:00:36,229 [Worker-49: Building] INFO  o.e.m.c.i.embedder.EclipseLogger - skip non existing resourceDirectory C:\Users\j shanker\OneDrive\Desktop\SearchApp\SearchApp\src\main\resources
2023-06-10 18:00:36,231 [Worker-49: Building] INFO  o.e.m.c.i.embedder.EclipseLogger - Using 'UTF-8' encoding to copy filtered resources.
2023-06-10 18:00:36,231 [Worker-49: Building] INFO  o.e.m.c.i.embedder.EclipseLogger - skip non existing resourceDirectory C:\Users\j shanker\OneDrive\Desktop\SearchApp\SearchApp\src\test\resources
2023-06-10 18:00:44,598 [Worker-41: Building] INFO  o.e.m.c.i.embedder.EclipseLogger - Using 'UTF-8' encoding to copy filtered resources.
2023-06-10 18:00:44,598 [Worker-41: Building] INFO  o.e.m.c.i.embedder.EclipseLogger - skip non existing resourceDirectory C:\Users\j shanker\OneDrive\Desktop\SearchApp\SearchApp\src\main\resources
2023-06-10 18:00:44,600 [Worker-41: Building] INFO  o.e.m.c.i.embedder.EclipseLogger - Using 'UTF-8' encoding to copy filtered resources.
2023-06-10 18:00:44,600 [Worker-41: Building] INFO  o.e.m.c.i.embedder.EclipseLogger - skip non existing resourceDirectory C:\Users\j shanker\OneDrive\Desktop\SearchApp\SearchApp\src\test\resources
2023-06-10 18:02:32,193 [Worker-51: Building] INFO  o.e.m.c.i.embedder.EclipseLogger - Using 'UTF-8' encoding to copy filtered resources.
2023-06-10 18:02:32,193 [Worker-51: Building] INFO  o.e.m.c.i.embedder.EclipseLogger - skip non existing resourceDirectory C:\Users\j shanker\OneDrive\Desktop\SearchApp\SearchApp\src\main\resources
2023-06-10 18:02:32,196 [Worker-51: Building] INFO  o.e.m.c.i.embedder.EclipseLogger - Using 'UTF-8' encoding to copy filtered resources.
2023-06-10 18:02:32,196 [Worker-51: Building] INFO  o.e.m.c.i.embedder.EclipseLogger - skip non existing resourceDirectory C:\Users\j shanker\OneDrive\Desktop\SearchApp\SearchApp\src\test\resources
2023-06-10 18:07:44,095 [Worker-55: Building] INFO  o.e.m.c.i.embedder.EclipseLogger - Using 'UTF-8' encoding to copy filtered resources.
2023-06-10 18:07:44,095 [Worker-55: Building] INFO  o.e.m.c.i.embedder.EclipseLogger - skip non existing resourceDirectory C:\Users\j shanker\OneDrive\Desktop\SearchApp\SearchApp\src\main\resources
2023-06-10 18:07:44,097 [Worker-55: Building] INFO  o.e.m.c.i.embedder.EclipseLogger - Using 'UTF-8' encoding to copy filtered resources.
2023-06-10 18:07:44,097 [Worker-55: Building] INFO  o.e.m.c.i.embedder.EclipseLogger - skip non existing resourceDirectory C:\Users\j shanker\OneDrive\Desktop\SearchApp\SearchApp\src\test\resources
2023-06-10 18:09:37,591 [Worker-54: Building] INFO  o.e.m.c.i.embedder.EclipseLogger - Using 'UTF-8' encoding to copy filtered resources.
2023-06-10 18:09:37,591 [Worker-54: Building] INFO  o.e.m.c.i.embedder.EclipseLogger - skip non existing resourceDirectory C:\Users\j shanker\OneDrive\Desktop\SearchApp\SearchApp\src\main\resources
2023-06-10 18:09:37,592 [Worker-54: Building] INFO  o.e.m.c.i.embedder.EclipseLogger - Using 'UTF-8' encoding to copy filtered resources.
2023-06-10 18:09:37,592 [Worker-54: Building] INFO  o.e.m.c.i.embedder.EclipseLogger - skip non existing resourceDirectory C:\Users\j shanker\OneDrive\Desktop\SearchApp\SearchApp\src\test\resources
2023-06-10 18:11:06,787 [Worker-53: Building] INFO  o.e.m.c.i.embedder.EclipseLogger - Using 'UTF-8' encoding to copy filtered resources.
2023-06-10 18:11:06,787 [Worker-53: Building] INFO  o.e.m.c.i.embedder.EclipseLogger - skip non existing resourceDirectory C:\Users\j shanker\OneDrive\Desktop\SearchApp\SearchApp\src\main\resources
2023-06-10 18:11:06,789 [Worker-53: Building] INFO  o.e.m.c.i.embedder.EclipseLogger - Using 'UTF-8' encoding to copy filtered resources.
2023-06-10 18:11:06,789 [Worker-53: Building] INFO  o.e.m.c.i.embedder.EclipseLogger - skip non existing resourceDirectory C:\Users\j shanker\OneDrive\Desktop\SearchApp\SearchApp\src\test\resources
2023-06-10 18:14:47,908 [Worker-57: Building] INFO  o.e.m.c.i.l.LifecycleMappingFactory - Using org.maven.ide.eclipse.wtp.WarLifecycleMapping lifecycle mapping for MavenProject: SearchApp:SearchApp:0.0.1-SNAPSHOT @ C:\Users\j shanker\OneDrive\Desktop\SearchApp\SearchApp\pom.xml.
2023-06-10 18:14:49,769 [Worker-57: Building] INFO  o.e.m.c.i.embedder.EclipseLogger - Using 'UTF-8' encoding to copy filtered resources.
2023-06-10 18:14:49,769 [Worker-57: Building] INFO  o.e.m.c.i.embedder.EclipseLogger - skip non existing resourceDirectory C:\Users\j shanker\OneDrive\Desktop\SearchApp\SearchApp\src\main\resources
2023-06-10 18:14:49,771 [Worker-57: Building] INFO  o.e.m.c.i.embedder.EclipseLogger - Using 'UTF-8' encoding to copy filtered resources.
2023-06-10 18:14:49,771 [Worker-57: Building] INFO  o.e.m.c.i.embedder.EclipseLogger - skip non existing resourceDirectory C:\Users\j shanker\OneDrive\Desktop\SearchApp\SearchApp\src\test\resources
2023-06-10 18:14:49,771 [Worker-57: Building] INFO  o.e.m.w.i.f.ResourceFilteringBuildParticipant - Changed resources require a complete clean of filtered resources of SearchApp
2023-06-10 18:14:49,771 [Worker-57: Building] INFO  o.e.m.w.i.f.ResourceFilteringBuildParticipant - Executing resource filtering for SearchApp
2023-06-10 18:14:49,772 [Worker-57: Building] INFO  o.e.m.c.i.embedder.EclipseLogger - Using 'UTF-8' encoding to copy filtered resources.
2023-06-10 18:14:50,827 [Worker-58: Building] INFO  o.e.m.c.i.embedder.EclipseLogger - Using 'UTF-8' encoding to copy filtered resources.
2023-06-10 18:14:50,827 [Worker-58: Building] INFO  o.e.m.c.i.embedder.EclipseLogger - skip non existing resourceDirectory C:\Users\j shanker\OneDrive\Desktop\SearchApp\SearchApp\src\main\resources
2023-06-10 18:14:50,829 [Worker-58: Building] INFO  o.e.m.c.i.embedder.EclipseLogger - Using 'UTF-8' encoding to copy filtered resources.
2023-06-10 18:14:50,829 [Worker-58: Building] INFO  o.e.m.c.i.embedder.EclipseLogger - skip non existing resourceDirectory C:\Users\j shanker\OneDrive\Desktop\SearchApp\SearchApp\src\test\resources
2023-06-10 18:15:14,582 [Worker-58: Updating Maven Project] INFO  o.e.m.c.i.p.ProjectConfigurationManager - Update started
2023-06-10 18:15:14,765 [Worker-58: Updating Maven Project] INFO  o.e.m.c.i.l.LifecycleMappingFactory - Using org.maven.ide.eclipse.wtp.WarLifecycleMapping lifecycle mapping for MavenProject: SearchApp:SearchApp:0.0.1-SNAPSHOT @ C:\Users\j shanker\OneDrive\Desktop\SearchApp\SearchApp\pom.xml.
2023-06-10 18:15:15,199 [Worker-58: Updating Maven Project] INFO  o.e.m.j.i.AbstractJavaProjectConfigurator - Adding source folder /SearchApp/src/main/java
2023-06-10 18:15:15,199 [Worker-58: Updating Maven Project] INFO  o.e.m.j.i.AbstractJavaProjectConfigurator - Adding source folder /SearchApp/src/test/java
2023-06-10 18:15:15,546 [Worker-58: Updating Maven Project] INFO  o.e.m.w.i.f.ResourceFilteringBuildParticipant - Cleaning filtered folder for SearchApp
2023-06-10 18:15:15,551 [Worker-58: Updating Maven Project] INFO  o.e.m.c.i.p.ProjectConfigurationManager - Update completed for 1 poms: local refresh takes 0.00 sec, refresh facades takes 0.00 sec, update config takes 0.00 sec 
2023-06-10 18:15:15,781 [Worker-58: Building] INFO  o.e.m.c.i.embedder.EclipseLogger - Using 'UTF-8' encoding to copy filtered resources.
2023-06-10 18:15:15,781 [Worker-58: Building] INFO  o.e.m.c.i.embedder.EclipseLogger - skip non existing resourceDirectory C:\Users\j shanker\OneDrive\Desktop\SearchApp\SearchApp\src\main\resources
2023-06-10 18:15:15,786 [Worker-58: Building] INFO  o.e.m.c.i.embedder.EclipseLogger - Using 'UTF-8' encoding to copy filtered resources.
2023-06-10 18:15:15,786 [Worker-58: Building] INFO  o.e.m.c.i.embedder.EclipseLogger - skip non existing resourceDirectory C:\Users\j shanker\OneDrive\Desktop\SearchApp\SearchApp\src\test\resources
2023-06-10 18:15:15,787 [Worker-58: Building] INFO  o.e.m.w.i.f.ResourceFilteringBuildParticipant - Changed resources require a complete clean of filtered resources of SearchApp
2023-06-10 18:15:15,787 [Worker-58: Building] INFO  o.e.m.w.i.f.ResourceFilteringBuildParticipant - Executing resource filtering for SearchApp
2023-06-10 18:15:15,789 [Worker-58: Building] INFO  o.e.m.c.i.embedder.EclipseLogger - Using 'UTF-8' encoding to copy filtered resources.
2023-06-10 18:25:10,277 [Worker-62: Building] INFO  o.e.m.c.i.l.LifecycleMappingFactory - Using org.maven.ide.eclipse.wtp.WarLifecycleMapping lifecycle mapping for MavenProject: SearchApp:SearchApp:0.0.1-SNAPSHOT @ C:\Users\j shanker\OneDrive\Desktop\SearchApp\SearchApp\pom.xml.
2023-06-10 18:25:10,621 [Worker-62: Building] INFO  o.e.m.c.i.embedder.EclipseLogger - Using 'UTF-8' encoding to copy filtered resources.
2023-06-10 18:25:10,621 [Worker-62: Building] INFO  o.e.m.c.i.embedder.EclipseLogger - skip non existing resourceDirectory C:\Users\j shanker\OneDrive\Desktop\SearchApp\SearchApp\src\main\resources
2023-06-10 18:25:10,623 [Worker-62: Building] INFO  o.e.m.c.i.embedder.EclipseLogger - Using 'UTF-8' encoding to copy filtered resources.
2023-06-10 18:25:10,625 [Worker-62: Building] INFO  o.e.m.c.i.embedder.EclipseLogger - skip non existing resourceDirectory C:\Users\j shanker\OneDrive\Desktop\SearchApp\SearchApp\src\test\resources
2023-06-10 18:25:10,625 [Worker-62: Building] INFO  o.e.m.w.i.f.ResourceFilteringBuildParticipant - Changed resources require a complete clean of filtered resources of SearchApp
2023-06-10 18:25:10,625 [Worker-62: Building] INFO  o.e.m.w.i.f.ResourceFilteringBuildParticipant - Executing resource filtering for SearchApp
2023-06-10 18:25:10,627 [Worker-62: Building] INFO  o.e.m.c.i.embedder.EclipseLogger - Using 'UTF-8' encoding to copy filtered resources.
2023-06-10 18:25:11,626 [Worker-62: Download sources and javadoc] INFO  o.e.m.c.i.e.AbstractTransferListenerAdapter - Downloading https://repo.maven.apache.org/maven2/jakarta/servlet/jakarta.servlet-api/5.0.0/jakarta.servlet-api-5.0.0-sources.jar
2023-06-10 18:25:11,696 [Worker-64: Building] INFO  o.e.m.c.i.embedder.EclipseLogger - Using 'UTF-8' encoding to copy filtered resources.
2023-06-10 18:25:11,696 [Worker-64: Building] INFO  o.e.m.c.i.embedder.EclipseLogger - skip non existing resourceDirectory C:\Users\j shanker\OneDrive\Desktop\SearchApp\SearchApp\src\main\resources
2023-06-10 18:25:11,697 [Worker-64: Building] INFO  o.e.m.c.i.embedder.EclipseLogger - Using 'UTF-8' encoding to copy filtered resources.
2023-06-10 18:25:11,697 [Worker-64: Building] INFO  o.e.m.c.i.embedder.EclipseLogger - skip non existing resourceDirectory C:\Users\j shanker\OneDrive\Desktop\SearchApp\SearchApp\src\test\resources
2023-06-10 18:25:11,723 [Worker-62: Download sources and javadoc] INFO  o.e.m.c.i.e.AbstractTransferListenerAdapter - Downloaded https://repo.maven.apache.org/maven2/jakarta/servlet/jakarta.servlet-api/5.0.0/jakarta.servlet-api-5.0.0-sources.jar
2023-06-10 18:25:11,727 [Worker-62: Download sources and javadoc] INFO  o.e.m.j.internal.DownloadSourcesJob - Downloaded sources for jakarta.servlet:jakarta.servlet-api:5.0.0
2023-06-10 18:25:12,764 [Worker-67: Building] INFO  o.e.m.c.i.embedder.EclipseLogger - Using 'UTF-8' encoding to copy filtered resources.
2023-06-10 18:25:12,764 [Worker-67: Building] INFO  o.e.m.c.i.embedder.EclipseLogger - skip non existing resourceDirectory C:\Users\j shanker\OneDrive\Desktop\SearchApp\SearchApp\src\main\resources
2023-06-10 18:25:12,765 [Worker-67: Building] INFO  o.e.m.c.i.embedder.EclipseLogger - Using 'UTF-8' encoding to copy filtered resources.
2023-06-10 18:25:12,765 [Worker-67: Building] INFO  o.e.m.c.i.embedder.EclipseLogger - skip non existing resourceDirectory C:\Users\j shanker\OneDrive\Desktop\SearchApp\SearchApp\src\test\resources
2023-06-10 18:25:28,448 [Worker-67: Updating Maven Project] INFO  o.e.m.c.i.p.ProjectConfigurationManager - Update started
2023-06-10 18:25:28,631 [Worker-67: Updating Maven Project] INFO  o.e.m.c.i.l.LifecycleMappingFactory - Using org.maven.ide.eclipse.wtp.WarLifecycleMapping lifecycle mapping for MavenProject: SearchApp:SearchApp:0.0.1-SNAPSHOT @ C:\Users\j shanker\OneDrive\Desktop\SearchApp\SearchApp\pom.xml.
2023-06-10 18:25:28,917 [Worker-67: Updating Maven Project] INFO  o.e.m.j.i.AbstractJavaProjectConfigurator - Adding source folder /SearchApp/src/main/java
2023-06-10 18:25:28,917 [Worker-67: Updating Maven Project] INFO  o.e.m.j.i.AbstractJavaProjectConfigurator - Adding source folder /SearchApp/src/test/java
2023-06-10 18:25:29,042 [Worker-67: Updating Maven Project] INFO  o.e.m.w.i.f.ResourceFilteringBuildParticipant - Cleaning filtered folder for SearchApp
2023-06-10 18:25:29,047 [Worker-67: Updating Maven Project] INFO  o.e.m.c.i.p.ProjectConfigurationManager - Update completed for 1 poms: local refresh takes 0.00 sec, refresh facades takes 0.00 sec, update config takes 0.00 sec 
2023-06-10 18:25:29,185 [Worker-65: Building] INFO  o.e.m.c.i.embedder.EclipseLogger - Using 'UTF-8' encoding to copy filtered resources.
2023-06-10 18:25:29,185 [Worker-65: Building] INFO  o.e.m.c.i.embedder.EclipseLogger - skip non existing resourceDirectory C:\Users\j shanker\OneDrive\Desktop\SearchApp\SearchApp\src\main\resources
2023-06-10 18:25:29,187 [Worker-65: Building] INFO  o.e.m.c.i.embedder.EclipseLogger - Using 'UTF-8' encoding to copy filtered resources.
2023-06-10 18:25:29,187 [Worker-65: Building] INFO  o.e.m.c.i.embedder.EclipseLogger - skip non existing resourceDirectory C:\Users\j shanker\OneDrive\Desktop\SearchApp\SearchApp\src\test\resources
2023-06-10 18:25:29,188 [Worker-65: Building] INFO  o.e.m.w.i.f.ResourceFilteringBuildParticipant - Changed resources require a complete clean of filtered resources of SearchApp
2023-06-10 18:25:29,188 [Worker-65: Building] INFO  o.e.m.w.i.f.ResourceFilteringBuildParticipant - Executing resource filtering for SearchApp
2023-06-10 18:25:29,189 [Worker-65: Building] INFO  o.e.m.c.i.embedder.EclipseLogger - Using 'UTF-8' encoding to copy filtered resources.
2023-06-10 18:45:02,992 [Worker-68: Updating Maven Project] INFO  o.e.m.c.i.p.ProjectConfigurationManager - Update started
2023-06-10 18:45:03,516 [Worker-68: Updating Maven Project] INFO  o.e.m.c.i.l.LifecycleMappingFactory - Using org.maven.ide.eclipse.wtp.WarLifecycleMapping lifecycle mapping for MavenProject: SearchApp:SearchApp:0.0.1-SNAPSHOT @ C:\Users\j shanker\OneDrive\Desktop\SearchApp\SearchApp\pom.xml.
2023-06-10 18:45:03,792 [Worker-68: Updating Maven Project] INFO  o.e.m.j.i.AbstractJavaProjectConfigurator - Adding source folder /SearchApp/src/main/java
2023-06-10 18:45:03,792 [Worker-68: Updating Maven Project] INFO  o.e.m.j.i.AbstractJavaProjectConfigurator - Adding source folder /SearchApp/src/test/java
2023-06-10 18:45:03,912 [Worker-68: Updating Maven Project] INFO  o.e.m.w.i.f.ResourceFilteringBuildParticipant - Cleaning filtered folder for SearchApp
2023-06-10 18:45:03,919 [Worker-68: Updating Maven Project] INFO  o.e.m.c.i.p.ProjectConfigurationManager - Update completed for 1 poms: local refresh takes 0.00 sec, refresh facades takes 0.00 sec, update config takes 0.00 sec 
2023-06-10 18:45:04,114 [Worker-70: Building] INFO  o.e.m.c.i.embedder.EclipseLogger - Using 'UTF-8' encoding to copy filtered resources.
2023-06-10 18:45:04,115 [Worker-70: Building] INFO  o.e.m.c.i.embedder.EclipseLogger - skip non existing resourceDirectory C:\Users\j shanker\OneDrive\Desktop\SearchApp\SearchApp\src\main\resources
2023-06-10 18:45:04,117 [Worker-70: Building] INFO  o.e.m.c.i.embedder.EclipseLogger - Using 'UTF-8' encoding to copy filtered resources.
2023-06-10 18:45:04,117 [Worker-70: Building] INFO  o.e.m.c.i.embedder.EclipseLogger - skip non existing resourceDirectory C:\Users\j shanker\OneDrive\Desktop\SearchApp\SearchApp\src\test\resources
2023-06-10 18:45:04,118 [Worker-70: Building] INFO  o.e.m.w.i.f.ResourceFilteringBuildParticipant - Changed resources require a complete clean of filtered resources of SearchApp
2023-06-10 18:45:04,118 [Worker-70: Building] INFO  o.e.m.w.i.f.ResourceFilteringBuildParticipant - Executing resource filtering for SearchApp
2023-06-10 18:45:04,120 [Worker-70: Building] INFO  o.e.m.c.i.embedder.EclipseLogger - Using 'UTF-8' encoding to copy filtered resources.
2023-06-10 18:45:14,567 [Worker-71: Launching Tomcat v9.0 Server at localhost] INFO  o.e.m.c.i.l.LifecycleMappingFactory - Using org.maven.ide.eclipse.wtp.WarLifecycleMapping lifecycle mapping for MavenProject: SearchApp:SearchApp:0.0.1-SNAPSHOT @ C:\Users\j shanker\OneDrive\Desktop\SearchApp\SearchApp\pom.xml.
2023-06-10 18:45:14,879 [Worker-71: Launching Tomcat v9.0 Server at localhost] INFO  o.e.m.c.i.embedder.EclipseLogger - Using 'UTF-8' encoding to copy filtered resources.
2023-06-10 18:45:14,879 [Worker-71: Launching Tomcat v9.0 Server at localhost] INFO  o.e.m.c.i.embedder.EclipseLogger - skip non existing resourceDirectory C:\Users\j shanker\OneDrive\Desktop\SearchApp\SearchApp\src\main\resources
2023-06-10 18:45:14,882 [Worker-71: Launching Tomcat v9.0 Server at localhost] INFO  o.e.m.c.i.embedder.EclipseLogger - Using 'UTF-8' encoding to copy filtered resources.
2023-06-10 18:45:14,883 [Worker-71: Launching Tomcat v9.0 Server at localhost] INFO  o.e.m.c.i.embedder.EclipseLogger - skip non existing resourceDirectory C:\Users\j shanker\OneDrive\Desktop\SearchApp\SearchApp\src\test\resources
2023-06-10 18:45:14,883 [Worker-71: Launching Tomcat v9.0 Server at localhost] INFO  o.e.m.w.i.f.ResourceFilteringBuildParticipant - Changed resources require a complete clean of filtered resources of SearchApp
2023-06-10 18:45:14,883 [Worker-71: Launching Tomcat v9.0 Server at localhost] INFO  o.e.m.w.i.f.ResourceFilteringBuildParticipant - Executing resource filtering for SearchApp
2023-06-10 18:45:14,886 [Worker-71: Launching Tomcat v9.0 Server at localhost] INFO  o.e.m.c.i.embedder.EclipseLogger - Using 'UTF-8' encoding to copy filtered resources.
2023-06-10 18:59:33,361 [Worker-66: Building] INFO  o.e.m.c.i.embedder.EclipseLogger - Using 'UTF-8' encoding to copy filtered resources.
2023-06-10 18:59:33,362 [Worker-66: Building] INFO  o.e.m.c.i.embedder.EclipseLogger - skip non existing resourceDirectory C:\Users\j shanker\OneDrive\Desktop\SearchApp\SearchApp\src\main\resources
2023-06-10 18:59:33,363 [Worker-66: Building] INFO  o.e.m.c.i.embedder.EclipseLogger - Using 'UTF-8' encoding to copy filtered resources.
2023-06-10 18:59:33,363 [Worker-66: Building] INFO  o.e.m.c.i.embedder.EclipseLogger - skip non existing resourceDirectory C:\Users\j shanker\OneDrive\Desktop\SearchApp\SearchApp\src\test\resources
2023-06-10 19:08:48,808 [Worker-74: Building] INFO  o.e.m.c.i.l.LifecycleMappingFactory - Using org.maven.ide.eclipse.wtp.WarLifecycleMapping lifecycle mapping for MavenProject: SearchApp:SearchApp:0.0.1-SNAPSHOT @ C:\Users\j shanker\OneDrive\Desktop\SearchApp\SearchApp\pom.xml.
2023-06-10 19:08:49,072 [Worker-74: Building] INFO  o.e.m.c.i.embedder.EclipseLogger - Using 'UTF-8' encoding to copy filtered resources.
2023-06-10 19:08:49,072 [Worker-74: Building] INFO  o.e.m.c.i.embedder.EclipseLogger - skip non existing resourceDirectory C:\Users\j shanker\OneDrive\Desktop\SearchApp\SearchApp\src\main\resources
2023-06-10 19:08:49,074 [Worker-74: Building] INFO  o.e.m.c.i.embedder.EclipseLogger - Using 'UTF-8' encoding to copy filtered resources.
2023-06-10 19:08:49,074 [Worker-74: Building] INFO  o.e.m.c.i.embedder.EclipseLogger - skip non existing resourceDirectory C:\Users\j shanker\OneDrive\Desktop\SearchApp\SearchApp\src\test\resources
2023-06-10 19:08:49,074 [Worker-74: Building] INFO  o.e.m.w.i.f.ResourceFilteringBuildParticipant - Changed resources require a complete clean of filtered resources of SearchApp
2023-06-10 19:08:49,074 [Worker-74: Building] INFO  o.e.m.w.i.f.ResourceFilteringBuildParticipant - Executing resource filtering for SearchApp
2023-06-10 19:08:49,076 [Worker-74: Building] INFO  o.e.m.c.i.embedder.EclipseLogger - Using 'UTF-8' encoding to copy filtered resources.
2023-06-10 19:08:50,197 [Worker-79: Building] INFO  o.e.m.c.i.embedder.EclipseLogger - Using 'UTF-8' encoding to copy filtered resources.
2023-06-10 19:08:50,197 [Worker-79: Building] INFO  o.e.m.c.i.embedder.EclipseLogger - skip non existing resourceDirectory C:\Users\j shanker\OneDrive\Desktop\SearchApp\SearchApp\src\main\resources
2023-06-10 19:08:50,198 [Worker-79: Building] INFO  o.e.m.c.i.embedder.EclipseLogger - Using 'UTF-8' encoding to copy filtered resources.
2023-06-10 19:08:50,198 [Worker-79: Building] INFO  o.e.m.c.i.embedder.EclipseLogger - skip non existing resourceDirectory C:\Users\j shanker\OneDrive\Desktop\SearchApp\SearchApp\src\test\resources
2023-06-10 19:09:13,494 [Worker-78: Building] INFO  o.e.m.c.i.l.LifecycleMappingFactory - Using org.maven.ide.eclipse.wtp.WarLifecycleMapping lifecycle mapping for MavenProject: SearchApp:SearchApp:0.0.1-SNAPSHOT @ C:\Users\j shanker\OneDrive\Desktop\SearchApp\SearchApp\pom.xml.
2023-06-10 19:09:13,778 [Worker-78: Building] INFO  o.e.m.c.i.embedder.EclipseLogger - Using 'UTF-8' encoding to copy filtered resources.
2023-06-10 19:09:13,779 [Worker-78: Building] INFO  o.e.m.c.i.embedder.EclipseLogger - skip non existing resourceDirectory C:\Users\j shanker\OneDrive\Desktop\SearchApp\SearchApp\src\main\resources
2023-06-10 19:09:13,780 [Worker-78: Building] INFO  o.e.m.c.i.embedder.EclipseLogger - Using 'UTF-8' encoding to copy filtered resources.
2023-06-10 19:09:13,780 [Worker-78: Building] INFO  o.e.m.c.i.embedder.EclipseLogger - skip non existing resourceDirectory C:\Users\j shanker\OneDrive\Desktop\SearchApp\SearchApp\src\test\resources
2023-06-10 19:09:13,781 [Worker-78: Building] INFO  o.e.m.w.i.f.ResourceFilteringBuildParticipant - Changed resources require a complete clean of filtered resources of SearchApp
2023-06-10 19:09:13,781 [Worker-78: Building] INFO  o.e.m.w.i.f.ResourceFilteringBuildParticipant - Executing resource filtering for SearchApp
2023-06-10 19:09:13,782 [Worker-78: Building] INFO  o.e.m.c.i.embedder.EclipseLogger - Using 'UTF-8' encoding to copy filtered resources.
2023-06-10 19:09:14,881 [Worker-74: Building] INFO  o.e.m.c.i.embedder.EclipseLogger - Using 'UTF-8' encoding to copy filtered resources.
2023-06-10 19:09:14,881 [Worker-74: Building] INFO  o.e.m.c.i.embedder.EclipseLogger - skip non existing resourceDirectory C:\Users\j shanker\OneDrive\Desktop\SearchApp\SearchApp\src\main\resources
2023-06-10 19:09:14,882 [Worker-74: Building] INFO  o.e.m.c.i.embedder.EclipseLogger - Using 'UTF-8' encoding to copy filtered resources.
2023-06-10 19:09:14,882 [Worker-74: Building] INFO  o.e.m.c.i.embedder.EclipseLogger - skip non existing resourceDirectory C:\Users\j shanker\OneDrive\Desktop\SearchApp\SearchApp\src\test\resources
2023-06-10 19:09:36,965 [Worker-77: Updating Maven Project] INFO  o.e.m.c.i.p.ProjectConfigurationManager - Update started
2023-06-10 19:09:37,106 [Worker-77: Updating Maven Project] INFO  o.e.m.c.i.l.LifecycleMappingFactory - Using org.maven.ide.eclipse.wtp.WarLifecycleMapping lifecycle mapping for MavenProject: SearchApp:SearchApp:0.0.1-SNAPSHOT @ C:\Users\j shanker\OneDrive\Desktop\SearchApp\SearchApp\pom.xml.
2023-06-10 19:09:37,376 [Worker-77: Updating Maven Project] INFO  o.e.m.j.i.AbstractJavaProjectConfigurator - Adding source folder /SearchApp/src/main/java
2023-06-10 19:09:37,376 [Worker-77: Updating Maven Project] INFO  o.e.m.j.i.AbstractJavaProjectConfigurator - Adding source folder /SearchApp/src/test/java
2023-06-10 19:09:37,524 [Worker-77: Updating Maven Project] INFO  o.e.m.w.i.f.ResourceFilteringBuildParticipant - Cleaning filtered folder for SearchApp
2023-06-10 19:09:37,530 [Worker-77: Updating Maven Project] INFO  o.e.m.c.i.p.ProjectConfigurationManager - Update completed for 1 poms: local refresh takes 0.00 sec, refresh facades takes 0.00 sec, update config takes 0.00 sec 
2023-06-10 19:09:37,682 [Worker-74: Building] INFO  o.e.m.c.i.embedder.EclipseLogger - Using 'UTF-8' encoding to copy filtered resources.
2023-06-10 19:09:37,682 [Worker-74: Building] INFO  o.e.m.c.i.embedder.EclipseLogger - skip non existing resourceDirectory C:\Users\j shanker\OneDrive\Desktop\SearchApp\SearchApp\src\main\resources
2023-06-10 19:09:37,685 [Worker-74: Building] INFO  o.e.m.c.i.embedder.EclipseLogger - Using 'UTF-8' encoding to copy filtered resources.
2023-06-10 19:09:37,685 [Worker-74: Building] INFO  o.e.m.c.i.embedder.EclipseLogger - skip non existing resourceDirectory C:\Users\j shanker\OneDrive\Desktop\SearchApp\SearchApp\src\test\resources
2023-06-10 19:09:37,686 [Worker-74: Building] INFO  o.e.m.w.i.f.ResourceFilteringBuildParticipant - Changed resources require a complete clean of filtered resources of SearchApp
2023-06-10 19:09:37,686 [Worker-74: Building] INFO  o.e.m.w.i.f.ResourceFilteringBuildParticipant - Executing resource filtering for SearchApp
2023-06-10 19:09:37,692 [Worker-74: Building] INFO  o.e.m.c.i.embedder.EclipseLogger - Using 'UTF-8' encoding to copy filtered resources.
2023-06-10 19:11:21,064 [Worker-80: Updating Maven Project] INFO  o.e.m.c.i.p.ProjectConfigurationManager - Update started
2023-06-10 19:11:21,224 [Worker-80: Updating Maven Project] INFO  o.e.m.c.i.l.LifecycleMappingFactory - Using org.maven.ide.eclipse.wtp.WarLifecycleMapping lifecycle mapping for MavenProject: SearchApp:SearchApp:0.0.1-SNAPSHOT @ C:\Users\j shanker\OneDrive\Desktop\SearchApp\SearchApp\pom.xml.
2023-06-10 19:11:21,482 [Worker-80: Updating Maven Project] INFO  o.e.m.j.i.AbstractJavaProjectConfigurator - Adding source folder /SearchApp/src/main/java
2023-06-10 19:11:21,482 [Worker-80: Updating Maven Project] INFO  o.e.m.j.i.AbstractJavaProjectConfigurator - Adding source folder /SearchApp/src/test/java
2023-06-10 19:11:21,573 [Worker-80: Updating Maven Project] INFO  o.e.m.w.i.f.ResourceFilteringBuildParticipant - Cleaning filtered folder for SearchApp
2023-06-10 19:11:21,578 [Worker-80: Updating Maven Project] INFO  o.e.m.c.i.p.ProjectConfigurationManager - Update completed for 1 poms: local refresh takes 0.00 sec, refresh facades takes 0.00 sec, update config takes 0.00 sec 
2023-06-10 19:11:21,764 [Worker-74: Building] INFO  o.e.m.c.i.embedder.EclipseLogger - Using 'UTF-8' encoding to copy filtered resources.
2023-06-10 19:11:21,764 [Worker-74: Building] INFO  o.e.m.c.i.embedder.EclipseLogger - skip non existing resourceDirectory C:\Users\j shanker\OneDrive\Desktop\SearchApp\SearchApp\src\main\resources
2023-06-10 19:11:21,766 [Worker-74: Building] INFO  o.e.m.c.i.embedder.EclipseLogger - Using 'UTF-8' encoding to copy filtered resources.
2023-06-10 19:11:21,766 [Worker-74: Building] INFO  o.e.m.c.i.embedder.EclipseLogger - skip non existing resourceDirectory C:\Users\j shanker\OneDrive\Desktop\SearchApp\SearchApp\src\test\resources
2023-06-10 19:11:21,766 [Worker-74: Building] INFO  o.e.m.w.i.f.ResourceFilteringBuildParticipant - Changed resources require a complete clean of filtered resources of SearchApp
2023-06-10 19:11:21,767 [Worker-74: Building] INFO  o.e.m.w.i.f.ResourceFilteringBuildParticipant - Executing resource filtering for SearchApp
2023-06-10 19:11:21,771 [Worker-74: Building] INFO  o.e.m.c.i.embedder.EclipseLogger - Using 'UTF-8' encoding to copy filtered resources.
2023-06-10 19:13:49,236 [Worker-83: Updating Maven Project] INFO  o.e.m.c.i.p.ProjectConfigurationManager - Update started
2023-06-10 19:13:49,386 [Worker-83: Updating Maven Project] INFO  o.e.m.c.i.l.LifecycleMappingFactory - Using org.maven.ide.eclipse.wtp.WarLifecycleMapping lifecycle mapping for MavenProject: SearchApp:SearchApp:0.0.1-SNAPSHOT @ C:\Users\j shanker\OneDrive\Desktop\SearchApp\SearchApp\pom.xml.
2023-06-10 19:13:49,645 [Worker-83: Updating Maven Project] INFO  o.e.m.j.i.AbstractJavaProjectConfigurator - Adding source folder /SearchApp/src/main/java
2023-06-10 19:13:49,645 [Worker-83: Updating Maven Project] INFO  o.e.m.j.i.AbstractJavaProjectConfigurator - Adding source folder /SearchApp/src/test/java
2023-06-10 19:13:49,770 [Worker-83: Updating Maven Project] INFO  o.e.m.w.i.f.ResourceFilteringBuildParticipant - Cleaning filtered folder for SearchApp
2023-06-10 19:13:49,775 [Worker-83: Updating Maven Project] INFO  o.e.m.c.i.p.ProjectConfigurationManager - Update completed for 1 poms: local refresh takes 0.00 sec, refresh facades takes 0.00 sec, update config takes 0.00 sec 
2023-06-10 19:13:49,911 [Worker-74: Building] INFO  o.e.m.c.i.embedder.EclipseLogger - Using 'UTF-8' encoding to copy filtered resources.
2023-06-10 19:13:49,911 [Worker-74: Building] INFO  o.e.m.c.i.embedder.EclipseLogger - skip non existing resourceDirectory C:\Users\j shanker\OneDrive\Desktop\SearchApp\SearchApp\src\main\resources
2023-06-10 19:13:49,914 [Worker-74: Building] INFO  o.e.m.c.i.embedder.EclipseLogger - Using 'UTF-8' encoding to copy filtered resources.
2023-06-10 19:13:49,914 [Worker-74: Building] INFO  o.e.m.c.i.embedder.EclipseLogger - skip non existing resourceDirectory C:\Users\j shanker\OneDrive\Desktop\SearchApp\SearchApp\src\test\resources
2023-06-10 19:13:49,914 [Worker-74: Building] INFO  o.e.m.w.i.f.ResourceFilteringBuildParticipant - Changed resources require a complete clean of filtered resources of SearchApp
2023-06-10 19:13:49,914 [Worker-74: Building] INFO  o.e.m.w.i.f.ResourceFilteringBuildParticipant - Executing resource filtering for SearchApp
2023-06-10 19:13:49,917 [Worker-74: Building] INFO  o.e.m.c.i.embedder.EclipseLogger - Using 'UTF-8' encoding to copy filtered resources.
2023-06-10 19:15:38,178 [Worker-79: Updating Maven Project] INFO  o.e.m.c.i.p.ProjectConfigurationManager - Update started
2023-06-10 19:15:38,336 [Worker-79: Updating Maven Project] INFO  o.e.m.c.i.l.LifecycleMappingFactory - Using org.maven.ide.eclipse.wtp.WarLifecycleMapping lifecycle mapping for MavenProject: SearchApp:SearchApp:0.0.1-SNAPSHOT @ C:\Users\j shanker\OneDrive\Desktop\SearchApp\SearchApp\pom.xml.
2023-06-10 19:15:38,583 [Worker-79: Updating Maven Project] INFO  o.e.m.j.i.AbstractJavaProjectConfigurator - Adding source folder /SearchApp/src/main/java
2023-06-10 19:15:38,583 [Worker-79: Updating Maven Project] INFO  o.e.m.j.i.AbstractJavaProjectConfigurator - Adding source folder /SearchApp/src/test/java
2023-06-10 19:15:38,684 [Worker-79: Updating Maven Project] INFO  o.e.m.w.i.f.ResourceFilteringBuildParticipant - Cleaning filtered folder for SearchApp
2023-06-10 19:15:38,689 [Worker-79: Updating Maven Project] INFO  o.e.m.c.i.p.ProjectConfigurationManager - Update completed for 1 poms: local refresh takes 0.00 sec, refresh facades takes 0.00 sec, update config takes 0.00 sec 
2023-06-10 19:15:38,820 [Worker-79: Building] INFO  o.e.m.c.i.embedder.EclipseLogger - Using 'UTF-8' encoding to copy filtered resources.
2023-06-10 19:15:38,820 [Worker-79: Building] INFO  o.e.m.c.i.embedder.EclipseLogger - skip non existing resourceDirectory C:\Users\j shanker\OneDrive\Desktop\SearchApp\SearchApp\src\main\resources
2023-06-10 19:15:38,821 [Worker-79: Building] INFO  o.e.m.c.i.embedder.EclipseLogger - Using 'UTF-8' encoding to copy filtered resources.
2023-06-10 19:15:38,822 [Worker-79: Building] INFO  o.e.m.c.i.embedder.EclipseLogger - skip non existing resourceDirectory C:\Users\j shanker\OneDrive\Desktop\SearchApp\SearchApp\src\test\resources
2023-06-10 19:15:38,822 [Worker-79: Building] INFO  o.e.m.w.i.f.ResourceFilteringBuildParticipant - Changed resources require a complete clean of filtered resources of SearchApp
2023-06-10 19:15:38,822 [Worker-79: Building] INFO  o.e.m.w.i.f.ResourceFilteringBuildParticipant - Executing resource filtering for SearchApp
2023-06-10 19:15:38,824 [Worker-79: Building] INFO  o.e.m.c.i.embedder.EclipseLogger - Using 'UTF-8' encoding to copy filtered resources.
2023-06-11 11:56:41,926 [Worker-5: Loading available Gradle versions] INFO  o.e.b.c.i.u.g.PublishedGradleVersions - Gradle version information cache is up-to-date. Trying to read.
2023-06-11 12:02:13,616 [Worker-8: Updating Maven Project] INFO  o.e.m.c.i.p.ProjectConfigurationManager - Update started
2023-06-11 12:02:16,202 [Worker-8: Updating Maven Project] INFO  o.e.m.c.i.l.LifecycleMappingFactory - Using org.maven.ide.eclipse.wtp.WarLifecycleMapping lifecycle mapping for MavenProject: SearchApp:SearchApp:0.0.1-SNAPSHOT @ C:\Users\j shanker\OneDrive\Desktop\SearchApp\SearchApp\pom.xml.
2023-06-11 12:02:17,999 [Worker-8: Updating Maven Project] INFO  o.e.m.j.i.AbstractJavaProjectConfigurator - Adding source folder /SearchApp/src/main/java
2023-06-11 12:02:18,000 [Worker-8: Updating Maven Project] INFO  o.e.m.j.i.AbstractJavaProjectConfigurator - Adding source folder /SearchApp/src/test/java
2023-06-11 12:02:18,922 [Worker-8: Updating Maven Project] INFO  o.e.m.w.i.f.ResourceFilteringBuildParticipant - Cleaning filtered folder for SearchApp
2023-06-11 12:02:18,934 [Worker-8: Updating Maven Project] INFO  o.e.m.c.i.p.ProjectConfigurationManager - Update completed for 1 poms: local refresh takes 0.00 sec, refresh facades takes 3.00 sec, update config takes 0.00 sec 
2023-06-11 12:02:19,342 [Worker-17: Building] INFO  o.e.m.c.i.embedder.EclipseLogger - Using 'UTF-8' encoding to copy filtered resources.
2023-06-11 12:02:19,342 [Worker-17: Building] INFO  o.e.m.c.i.embedder.EclipseLogger - skip non existing resourceDirectory C:\Users\j shanker\OneDrive\Desktop\SearchApp\SearchApp\src\main\resources
2023-06-11 12:02:19,345 [Worker-17: Building] INFO  o.e.m.c.i.embedder.EclipseLogger - Using 'UTF-8' encoding to copy filtered resources.
2023-06-11 12:02:19,345 [Worker-17: Building] INFO  o.e.m.c.i.embedder.EclipseLogger - skip non existing resourceDirectory C:\Users\j shanker\OneDrive\Desktop\SearchApp\SearchApp\src\test\resources
2023-06-11 12:02:19,345 [Worker-17: Building] INFO  o.e.m.w.i.f.ResourceFilteringBuildParticipant - Changed resources require a complete clean of filtered resources of SearchApp
2023-06-11 12:02:19,346 [Worker-17: Building] INFO  o.e.m.w.i.f.ResourceFilteringBuildParticipant - Executing resource filtering for SearchApp
2023-06-11 12:02:19,350 [Worker-17: Building] INFO  o.e.m.c.i.embedder.EclipseLogger - Using 'UTF-8' encoding to copy filtered resources.
2023-06-11 12:44:25,017 [Worker-32: Building] INFO  o.e.m.c.i.embedder.EclipseLogger - Using 'UTF-8' encoding to copy filtered resources.
2023-06-11 12:44:25,018 [Worker-32: Building] INFO  o.e.m.c.i.embedder.EclipseLogger - skip non existing resourceDirectory C:\Users\j shanker\OneDrive\Desktop\SearchApp\SearchApp\src\main\resources
2023-06-11 12:44:25,020 [Worker-32: Building] INFO  o.e.m.c.i.embedder.EclipseLogger - Using 'UTF-8' encoding to copy filtered resources.
2023-06-11 12:44:25,020 [Worker-32: Building] INFO  o.e.m.c.i.embedder.EclipseLogger - skip non existing resourceDirectory C:\Users\j shanker\OneDrive\Desktop\SearchApp\SearchApp\src\test\resources
2023-06-11 12:46:24,139 [Worker-35: Building] INFO  o.e.m.c.i.embedder.EclipseLogger - Using 'UTF-8' encoding to copy filtered resources.
2023-06-11 12:46:24,139 [Worker-35: Building] INFO  o.e.m.c.i.embedder.EclipseLogger - skip non existing resourceDirectory C:\Users\j shanker\OneDrive\Desktop\SearchApp\SearchApp\src\main\resources
2023-06-11 12:46:24,141 [Worker-35: Building] INFO  o.e.m.c.i.embedder.EclipseLogger - Using 'UTF-8' encoding to copy filtered resources.
2023-06-11 12:46:24,141 [Worker-35: Building] INFO  o.e.m.c.i.embedder.EclipseLogger - skip non existing resourceDirectory C:\Users\j shanker\OneDrive\Desktop\SearchApp\SearchApp\src\test\resources
2023-06-11 12:56:57,536 [Worker-33: Building] INFO  o.e.m.c.i.embedder.EclipseLogger - Using 'UTF-8' encoding to copy filtered resources.
2023-06-11 12:56:57,536 [Worker-33: Building] INFO  o.e.m.c.i.embedder.EclipseLogger - skip non existing resourceDirectory C:\Users\j shanker\OneDrive\Desktop\SearchApp\SearchApp\src\main\resources
2023-06-11 12:56:57,538 [Worker-33: Building] INFO  o.e.m.c.i.embedder.EclipseLogger - Using 'UTF-8' encoding to copy filtered resources.
2023-06-11 12:56:57,538 [Worker-33: Building] INFO  o.e.m.c.i.embedder.EclipseLogger - skip non existing resourceDirectory C:\Users\j shanker\OneDrive\Desktop\SearchApp\SearchApp\src\test\resources
2023-06-11 12:57:36,007 [Worker-38: Building] INFO  o.e.m.c.i.embedder.EclipseLogger - Using 'UTF-8' encoding to copy filtered resources.
2023-06-11 12:57:36,007 [Worker-38: Building] INFO  o.e.m.c.i.embedder.EclipseLogger - skip non existing resourceDirectory C:\Users\j shanker\OneDrive\Desktop\SearchApp\SearchApp\src\main\resources
2023-06-11 12:57:36,009 [Worker-38: Building] INFO  o.e.m.c.i.embedder.EclipseLogger - Using 'UTF-8' encoding to copy filtered resources.
2023-06-11 12:57:36,009 [Worker-38: Building] INFO  o.e.m.c.i.embedder.EclipseLogger - skip non existing resourceDirectory C:\Users\j shanker\OneDrive\Desktop\SearchApp\SearchApp\src\test\resources
2023-06-11 12:57:55,906 [Worker-37: Building] INFO  o.e.m.c.i.embedder.EclipseLogger - Using 'UTF-8' encoding to copy filtered resources.
2023-06-11 12:57:55,907 [Worker-37: Building] INFO  o.e.m.c.i.embedder.EclipseLogger - skip non existing resourceDirectory C:\Users\j shanker\OneDrive\Desktop\SearchApp\SearchApp\src\main\resources
2023-06-11 12:57:55,909 [Worker-37: Building] INFO  o.e.m.c.i.embedder.EclipseLogger - Using 'UTF-8' encoding to copy filtered resources.
2023-06-11 12:57:55,909 [Worker-37: Building] INFO  o.e.m.c.i.embedder.EclipseLogger - skip non existing resourceDirectory C:\Users\j shanker\OneDrive\Desktop\SearchApp\SearchApp\src\test\resources
2023-06-11 12:58:14,364 [Worker-39: Building] INFO  o.e.m.c.i.embedder.EclipseLogger - Using 'UTF-8' encoding to copy filtered resources.
2023-06-11 12:58:14,365 [Worker-39: Building] INFO  o.e.m.c.i.embedder.EclipseLogger - skip non existing resourceDirectory C:\Users\j shanker\OneDrive\Desktop\SearchApp\SearchApp\src\main\resources
2023-06-11 12:58:14,366 [Worker-39: Building] INFO  o.e.m.c.i.embedder.EclipseLogger - Using 'UTF-8' encoding to copy filtered resources.
2023-06-11 12:58:14,367 [Worker-39: Building] INFO  o.e.m.c.i.embedder.EclipseLogger - skip non existing resourceDirectory C:\Users\j shanker\OneDrive\Desktop\SearchApp\SearchApp\src\test\resources
2023-06-11 12:58:30,114 [Worker-33: Building] INFO  o.e.m.c.i.embedder.EclipseLogger - Using 'UTF-8' encoding to copy filtered resources.
2023-06-11 12:58:30,115 [Worker-33: Building] INFO  o.e.m.c.i.embedder.EclipseLogger - skip non existing resourceDirectory C:\Users\j shanker\OneDrive\Desktop\SearchApp\SearchApp\src\main\resources
2023-06-11 12:58:30,116 [Worker-33: Building] INFO  o.e.m.c.i.embedder.EclipseLogger - Using 'UTF-8' encoding to copy filtered resources.
2023-06-11 12:58:30,117 [Worker-33: Building] INFO  o.e.m.c.i.embedder.EclipseLogger - skip non existing resourceDirectory C:\Users\j shanker\OneDrive\Desktop\SearchApp\SearchApp\src\test\resources
2023-06-11 12:59:07,508 [Worker-39: Building] INFO  o.e.m.c.i.embedder.EclipseLogger - Using 'UTF-8' encoding to copy filtered resources.
2023-06-11 12:59:07,508 [Worker-39: Building] INFO  o.e.m.c.i.embedder.EclipseLogger - skip non existing resourceDirectory C:\Users\j shanker\OneDrive\Desktop\SearchApp\SearchApp\src\main\resources
2023-06-11 12:59:07,511 [Worker-39: Building] INFO  o.e.m.c.i.embedder.EclipseLogger - Using 'UTF-8' encoding to copy filtered resources.
2023-06-11 12:59:07,511 [Worker-39: Building] INFO  o.e.m.c.i.embedder.EclipseLogger - skip non existing resourceDirectory C:\Users\j shanker\OneDrive\Desktop\SearchApp\SearchApp\src\test\resources
2023-06-11 12:59:26,860 [Worker-41: Building] INFO  o.e.m.c.i.embedder.EclipseLogger - Using 'UTF-8' encoding to copy filtered resources.
2023-06-11 12:59:26,861 [Worker-41: Building] INFO  o.e.m.c.i.embedder.EclipseLogger - skip non existing resourceDirectory C:\Users\j shanker\OneDrive\Desktop\SearchApp\SearchApp\src\main\resources
2023-06-11 12:59:26,862 [Worker-41: Building] INFO  o.e.m.c.i.embedder.EclipseLogger - Using 'UTF-8' encoding to copy filtered resources.
2023-06-11 12:59:26,862 [Worker-41: Building] INFO  o.e.m.c.i.embedder.EclipseLogger - skip non existing resourceDirectory C:\Users\j shanker\OneDrive\Desktop\SearchApp\SearchApp\src\test\resources
2023-06-11 12:59:52,406 [Worker-40: Building] INFO  o.e.m.c.i.embedder.EclipseLogger - Using 'UTF-8' encoding to copy filtered resources.
2023-06-11 12:59:52,406 [Worker-40: Building] INFO  o.e.m.c.i.embedder.EclipseLogger - skip non existing resourceDirectory C:\Users\j shanker\OneDrive\Desktop\SearchApp\SearchApp\src\main\resources
2023-06-11 12:59:52,409 [Worker-40: Building] INFO  o.e.m.c.i.embedder.EclipseLogger - Using 'UTF-8' encoding to copy filtered resources.
2023-06-11 12:59:52,409 [Worker-40: Building] INFO  o.e.m.c.i.embedder.EclipseLogger - skip non existing resourceDirectory C:\Users\j shanker\OneDrive\Desktop\SearchApp\SearchApp\src\test\resources
2023-06-11 13:00:29,950 [Worker-37: Building] INFO  o.e.m.c.i.embedder.EclipseLogger - Using 'UTF-8' encoding to copy filtered resources.
2023-06-11 13:00:29,950 [Worker-37: Building] INFO  o.e.m.c.i.embedder.EclipseLogger - skip non existing resourceDirectory C:\Users\j shanker\OneDrive\Desktop\SearchApp\SearchApp\src\main\resources
2023-06-11 13:00:29,951 [Worker-37: Building] INFO  o.e.m.c.i.embedder.EclipseLogger - Using 'UTF-8' encoding to copy filtered resources.
2023-06-11 13:00:29,951 [Worker-37: Building] INFO  o.e.m.c.i.embedder.EclipseLogger - skip non existing resourceDirectory C:\Users\j shanker\OneDrive\Desktop\SearchApp\SearchApp\src\test\resources
2023-06-11 13:00:41,153 [Worker-39: Building] INFO  o.e.m.c.i.embedder.EclipseLogger - Using 'UTF-8' encoding to copy filtered resources.
2023-06-11 13:00:41,153 [Worker-39: Building] INFO  o.e.m.c.i.embedder.EclipseLogger - skip non existing resourceDirectory C:\Users\j shanker\OneDrive\Desktop\SearchApp\SearchApp\src\main\resources
2023-06-11 13:00:41,153 [Worker-39: Building] INFO  o.e.m.c.i.embedder.EclipseLogger - Using 'UTF-8' encoding to copy filtered resources.
2023-06-11 13:00:41,153 [Worker-39: Building] INFO  o.e.m.c.i.embedder.EclipseLogger - skip non existing resourceDirectory C:\Users\j shanker\OneDrive\Desktop\SearchApp\SearchApp\src\test\resources
